[0.198014 0.354982 0.13505  0.17233  0.095871 0.007716 2.066597]
[0.283998 0.159487 0.003973 0.000584 0.197899 0.019653 2.044712]
[0.398939 0.05531  0.010799 0.000526 0.468722 0.075134 2.051309]
[0.44046  0.062105 0.023904 0.000592 0.565139 0.114868 2.042984]
[0.455283 0.080845 0.031114 0.000555 0.599029 0.140045 2.054764]
[0.460232 0.099099 0.040481 0.00057  0.605706 0.15363  2.079686]
[0.460149 0.119717 0.047199 0.000552 0.609009 0.151452 2.071518]
[0.469272 0.138565 0.055586 0.000596 0.622898 0.168825 2.065026]
[0.471809 0.159377 0.062617 0.000584 0.628873 0.171889 2.067696]
[0.474097 0.171438 0.064275 0.000599 0.632179 0.178211 2.046597]
[0.472452 0.184019 0.069983 0.000591 0.633263 0.185989 2.069843]
[0.482695 0.212147 0.080789 0.000611 0.64384  0.200753 2.062723]
[0.479247 0.22404  0.085312 0.000628 0.640718 0.195739 2.058115]
[0.48023  0.248012 0.091043 0.000586 0.642974 0.211314 2.056754]
[0.482759 0.248102 0.090563 0.000603 0.646886 0.208039 2.060366]
[0.4979   0.281091 0.109884 0.000658 0.667779 0.221626 2.059005]
[0.487075 0.283529 0.103596 0.000613 0.652548 0.218184 2.056492]
[0.479904 0.296023 0.109121 0.000575 0.641038 0.222505 2.051937]
[0.468817 0.305072 0.10841  0.000524 0.630011 0.228921 2.048168]
[0.497157 0.322336 0.122357 0.000668 0.662196 0.237111 2.046387]
[0.492531 0.331097 0.124785 0.000633 0.658443 0.23859  2.056387]
[0.485247 0.344392 0.128817 0.000597 0.644478 0.2378   2.049058]
[0.48291  0.346837 0.128725 0.000581 0.645431 0.244291 2.065759]
[0.514139 0.371836 0.1506   0.000726 0.684337 0.265977 2.053665]
[0.511745 0.390482 0.155338 0.000705 0.681105 0.271151 2.061937]
[0.492479 0.388786 0.146607 0.000611 0.656813 0.259522 2.068639]
[0.491866 0.397375 0.152611 0.000599 0.656353 0.262236 2.043822]
[0.483096 0.398661 0.150659 0.000597 0.643399 0.258645 2.06555 ]
[0.50019  0.422674 0.162714 0.000644 0.664548 0.270644 2.055445]
[0.497336 0.428627 0.170134 0.00063  0.662058 0.276358 2.064974]
[0.49385  0.440865 0.176079 0.000623 0.65571  0.274212 2.072775]
[0.530103 0.45221  0.191299 0.000843 0.703282 0.284396 2.054293]
[0.500495 0.463082 0.187551 0.000648 0.66616  0.27076  2.054031]
[0.500658 0.456505 0.182602 0.000658 0.666309 0.281144 2.040105]
[0.525915 0.478272 0.205116 0.000808 0.696042 0.302328 2.054084]
[0.518074 0.472107 0.19391  0.00076  0.686839 0.291525 2.074346]
[0.514623 0.489781 0.20651  0.000723 0.684647 0.286953 2.048482]
[0.50319  0.477117 0.194819 0.000688 0.665163 0.286412 2.059058]
[0.516523 0.500565 0.207471 0.00072  0.684956 0.30096  2.048272]
[0.512462 0.511596 0.219996 0.000706 0.677572 0.306149 2.045654]
[0.513878 0.505826 0.213536 0.000738 0.67994  0.304475 2.056178]
[0.530226 0.519506 0.228659 0.000826 0.699397 0.31034  2.063351]
[0.539687 0.54591  0.24601  0.00088  0.710176 0.328633 2.050471]
[0.517244 0.527449 0.229648 0.000759 0.683155 0.309439 2.056597]
[0.516359 0.52528  0.230303 0.00077  0.681987 0.311332 2.052984]
[0.525428 0.537266 0.23751  0.000792 0.694582 0.318115 2.05089 ]
[0.519053 0.548348 0.242999 0.000732 0.68473  0.325236 2.047382]
[0.52287  0.538835 0.235981 0.000773 0.690389 0.322015 2.059372]
[0.543262 0.562646 0.256923 0.000866 0.713391 0.342618 2.038272]
[0.507763 0.54551  0.245471 0.000679 0.666872 0.329177 2.058168]
[0.519465 0.561094 0.258496 0.000748 0.68268  0.33018  2.047906]
[0.512785 0.555451 0.245844 0.000718 0.676384 0.320759 2.051623]
[0.531525 0.586508 0.278875 0.000842 0.69545  0.338938 2.070942]
[0.510228 0.569958 0.263373 0.000704 0.668096 0.332839 2.067382]
[0.532854 0.581653 0.278452 0.000841 0.698804 0.348833 2.065654]
[0.511051 0.564359 0.260851 0.000703 0.669518 0.333845 2.043822]
[0.514921 0.572802 0.269616 0.000727 0.676171 0.3405   2.046021]
[0.511985 0.575447 0.268838 0.000698 0.670673 0.34235  2.058325]
[0.54183  0.599463 0.286857 0.000868 0.710222 0.352157 2.061047]
[0.529066 0.600309 0.285617 0.00082  0.688795 0.341949 2.076859]
[0.506536 0.565228 0.261493 0.000684 0.662246 0.335812 2.051937]
[0.52995  0.597776 0.289642 0.000777 0.693495 0.35952  2.057696]
[0.539563 0.605215 0.292882 0.000878 0.708667 0.34499  2.058115]
[0.52889  0.603291 0.298549 0.000789 0.690307 0.366503 2.061728]
[0.510881 0.597516 0.298567 0.000712 0.668512 0.351912 2.048325]
[0.521747 0.59804  0.296198 0.000778 0.681944 0.355656 2.051361]
[0.534907 0.614788 0.307929 0.000843 0.698408 0.360672 2.062304]
[0.518642 0.593713 0.29514  0.000757 0.678786 0.356493 2.049843]
[0.541241 0.623893 0.320825 0.00087  0.703216 0.381225 2.043194]
[0.545932 0.631829 0.326319 0.000898 0.711381 0.381212 2.062147]
[0.532263 0.614818 0.307264 0.000822 0.693769 0.368106 2.052147]
[0.5344   0.62435  0.314747 0.000848 0.69649  0.36388  2.051309]
[0.527513 0.607814 0.311451 0.000818 0.685475 0.377266 2.031099]
[0.533347 0.62175  0.318325 0.000833 0.692214 0.377301 2.034503]
[0.527359 0.618046 0.323509 0.000773 0.684914 0.385306 2.029215]
[0.532429 0.616051 0.311695 0.000863 0.692304 0.371654 2.064031]
[0.534294 0.631976 0.335663 0.000873 0.693646 0.381629 2.05377 ]
[0.530287 0.623203 0.322501 0.000815 0.690112 0.378249 2.061832]
[0.518677 0.610554 0.311127 0.000768 0.674417 0.365868 2.050838]
[0.516266 0.611731 0.314523 0.000754 0.669752 0.369437 2.078429]
[0.547531 0.630099 0.321112 0.000943 0.712924 0.378253 2.062147]
[0.527787 0.622276 0.323322 0.000803 0.687351 0.373708 2.05377 ]
[0.529314 0.619244 0.319829 0.000825 0.687714 0.376757 2.053979]
[0.543021 0.639046 0.333351 0.000909 0.704942 0.390997 2.05377 ]
[0.540438 0.643339 0.348141 0.000889 0.698594 0.398067 2.053613]
[0.513599 0.615062 0.319935 0.000725 0.663941 0.366425 2.066126]
[0.529133 0.633224 0.344315 0.000813 0.685303 0.390301 2.043455]
[0.529376 0.633603 0.337614 0.000831 0.686805 0.379673 2.056649]
[0.542647 0.648672 0.346218 0.000879 0.701807 0.395616 2.047958]
[0.528411 0.639247 0.34885  0.000794 0.682347 0.390048 2.033037]
[0.535304 0.641872 0.347134 0.000842 0.694687 0.389916 2.068377]
[0.554379 0.662534 0.366332 0.000949 0.715846 0.409896 2.050576]
[0.53368  0.642773 0.347038 0.00084  0.690045 0.391961 2.057435]
[0.528197 0.634206 0.342352 0.000831 0.684199 0.385202 2.049738]
[0.564426 0.673363 0.378781 0.00105  0.726501 0.421356 2.049738]
[0.552531 0.665429 0.369764 0.000947 0.712627 0.410864 2.072984]
[0.543397 0.655673 0.362752 0.000891 0.701323 0.402186 2.060576]
[0.545583 0.657177 0.373113 0.000909 0.702011 0.417988 2.038429]
[0.544654 0.65708  0.369565 0.000899 0.700913 0.414267 2.082513]
[0.534386 0.650212 0.36193  0.000855 0.689504 0.401396 2.066387]
[0.557613 0.674634 0.380433 0.000977 0.716826 0.421704 2.06822 ]
[0.562104 0.67769  0.394057 0.001047 0.721459 0.431092 2.039686]
[0.544966 0.664961 0.387912 0.000907 0.698449 0.423642 2.047592]
[0.54918  0.674958 0.391235 0.000906 0.706555 0.416836 2.049948]
[0.535934 0.647754 0.369395 0.000815 0.687814 0.420297 2.041257]
[0.552624 0.67465  0.388831 0.000987 0.711579 0.410363 2.070838]
[0.545978 0.663633 0.386991 0.000897 0.699687 0.425462 2.070209]
[0.562811 0.688691 0.405295 0.001004 0.722307 0.431674 2.062618]
[0.576139 0.703107 0.414372 0.001075 0.739622 0.441776 2.057592]
[0.56964  0.69571  0.413506 0.001065 0.72942  0.44203  2.068168]
[0.563608 0.688981 0.406371 0.001016 0.721965 0.440085 2.050314]
[0.535029 0.652981 0.370365 0.000832 0.688168 0.40943  2.045131]
[0.536568 0.654092 0.370543 0.000869 0.688787 0.413367 2.066649]
[0.56069  0.682413 0.401499 0.001009 0.718649 0.436929 2.077487]
[0.551211 0.670475 0.393318 0.000913 0.706272 0.433118 2.047906]
[0.565509 0.691705 0.408019 0.001013 0.725628 0.440094 2.070524]
[0.540305 0.661348 0.394234 0.000856 0.689832 0.436268 2.027435]
[0.578106 0.704652 0.423601 0.001117 0.738215 0.452534 2.054921]
[0.553054 0.674111 0.396097 0.000995 0.706348 0.432689 2.047016]
[0.569013 0.694791 0.413369 0.001067 0.730028 0.440612 2.050105]
[0.577273 0.705673 0.426072 0.00113  0.737989 0.451899 2.057749]
[0.557435 0.67873  0.403047 0.001018 0.71399  0.433203 2.039162]
[0.572478 0.704748 0.430434 0.001082 0.731306 0.45427  2.065969]
[0.569876 0.699965 0.423583 0.001096 0.728239 0.450047 2.071047]
[0.542328 0.666071 0.38717  0.000886 0.695007 0.424779 2.057435]
[0.566488 0.692853 0.419023 0.001056 0.723973 0.450411 2.051623]
[0.562523 0.689881 0.416673 0.001039 0.716203 0.450649 2.049005]
[0.550369 0.67588  0.415045 0.000931 0.699878 0.448719 2.060105]
[0.550465 0.675704 0.411111 0.000937 0.702178 0.443725 2.055183]
[0.514491 0.629285 0.360755 0.000716 0.660639 0.403787 2.044031]
[0.553723 0.683073 0.413539 0.000948 0.707383 0.441778 2.049529]
[0.550466 0.674481 0.418342 0.000925 0.698237 0.456797 2.051204]
[0.556209 0.68217  0.41991  0.000939 0.707561 0.454457 2.069319]
[0.540674 0.663538 0.398608 0.000907 0.690647 0.435689 2.054607]
[0.543687 0.663123 0.400268 0.000921 0.691396 0.442306 2.037068]
[0.566974 0.693522 0.434573 0.001043 0.719216 0.46817  2.044346]
[0.54031  0.665939 0.401168 0.000877 0.686939 0.440187 2.052251]
[0.565404 0.694947 0.425417 0.001047 0.721468 0.452241 2.056754]
[0.551493 0.674113 0.413466 0.000911 0.701328 0.452318 2.059843]
[0.546342 0.671284 0.422115 0.000874 0.693065 0.45497  2.045131]
[0.562623 0.691681 0.434765 0.000976 0.712693 0.465982 2.070995]
[0.549907 0.672698 0.419746 0.000919 0.696536 0.460198 2.072513]
[0.545061 0.669109 0.419671 0.000912 0.690655 0.455085 2.045026]
[0.54657  0.67223  0.416648 0.000875 0.69597  0.446906 2.07555 ]
[0.555892 0.680555 0.423111 0.000993 0.70614  0.457348 2.066073]
[0.576978 0.711667 0.445859 0.001103 0.732869 0.465502 2.070105]
[0.553915 0.68105  0.428816 0.001022 0.701109 0.456724 2.050576]
[0.540148 0.663563 0.409259 0.000899 0.686506 0.446302 2.047225]
[0.559696 0.68491  0.421968 0.000982 0.71127  0.458826 2.09555 ]
[0.562149 0.685871 0.437832 0.000991 0.708101 0.48077  2.067906]
[0.544552 0.664777 0.413431 0.000916 0.690085 0.450283 2.063403]
[0.556796 0.682888 0.429136 0.001003 0.706161 0.460859 2.051152]
[0.578146 0.70343  0.438348 0.001149 0.731641 0.479748 2.037592]
[0.566079 0.694894 0.443781 0.001045 0.716008 0.472086 2.034346]
[0.551137 0.67805  0.431943 0.000963 0.697205 0.462465 2.06356 ]
[0.546239 0.668078 0.416631 0.000907 0.69164  0.457128 2.044241]
[0.548861 0.674319 0.422884 0.00094  0.694854 0.46233  2.053979]
[0.573512 0.703085 0.449901 0.001129 0.725005 0.478519 2.065079]
[0.56178  0.692461 0.444386 0.000997 0.710507 0.471902 2.054293]
[0.554182 0.682243 0.435073 0.000974 0.700729 0.468968 2.055497]
[0.545871 0.667741 0.427489 0.000923 0.689597 0.462084 2.047016]
[0.57507  0.706498 0.45061  0.001075 0.728422 0.478917 2.041937]
[0.570358 0.701841 0.45787  0.001038 0.719381 0.487891 2.056073]
[0.537574 0.663796 0.432722 0.00086  0.676926 0.460375 2.049581]
[0.56356  0.691562 0.437763 0.00104  0.713974 0.469329 2.056387]
[0.568552 0.696481 0.443865 0.001067 0.719291 0.476271 2.071675]
[0.574511 0.7069   0.459474 0.001073 0.723909 0.487281 2.043351]
[0.55789  0.684703 0.441348 0.000965 0.703556 0.474468 2.053874]
[0.552976 0.67692  0.442501 0.000947 0.694888 0.478017 2.046021]
[0.563557 0.693743 0.462801 0.000988 0.709577 0.488471 2.056073]
[0.567741 0.699303 0.447919 0.001067 0.716797 0.478086 2.039005]
[0.565391 0.695408 0.447871 0.001028 0.713988 0.477836 2.064031]
[0.563256 0.690736 0.442655 0.001063 0.712793 0.47196  2.047068]
[0.546764 0.675223 0.444207 0.000897 0.688889 0.468978 2.044031]
[0.558444 0.685131 0.456971 0.000986 0.698875 0.488695 2.055079]
[0.5777   0.710489 0.470632 0.001102 0.726183 0.498295 2.07356 ]
[0.570707 0.701898 0.473962 0.001031 0.715082 0.498514 2.078115]
[0.553337 0.678439 0.453175 0.000972 0.692675 0.488579 2.052984]
[0.581672 0.714757 0.480099 0.001134 0.728756 0.510625 2.072775]
[0.560639 0.689075 0.44898  0.001005 0.707576 0.475478 2.06    ]
[0.563714 0.693556 0.468727 0.001012 0.705815 0.498924 2.056859]
[0.563372 0.692026 0.459638 0.001013 0.708004 0.487128 2.040052]
[0.563819 0.691184 0.45041  0.001046 0.709382 0.479395 2.05801 ]
[0.582183 0.714798 0.472435 0.001186 0.733828 0.495271 2.064817]
[0.572781 0.706888 0.473886 0.00106  0.719495 0.491503 2.073665]
[0.567502 0.696048 0.469869 0.001028 0.709366 0.502126 2.050157]
[0.573462 0.707596 0.471153 0.001098 0.721014 0.492232 2.060785]
[0.566662 0.695952 0.459483 0.001019 0.710833 0.493373 2.057277]
[0.565866 0.695262 0.451624 0.001059 0.711767 0.483079 2.049895]
[0.576134 0.707683 0.472568 0.0011   0.723041 0.496933 2.059319]
[0.562224 0.688341 0.453146 0.00101  0.705935 0.49032  2.060471]
[0.575829 0.707594 0.482689 0.001079 0.71951  0.508917 2.063403]
[0.575852 0.708939 0.467833 0.00114  0.725268 0.487618 2.068482]
[0.574632 0.703841 0.470219 0.001093 0.71856  0.50302  2.065654]
[0.557928 0.685896 0.451597 0.000968 0.70068  0.485174 2.071518]
[0.54214  0.664542 0.442549 0.000852 0.679259 0.480467 2.076702]
[0.546488 0.66659  0.438744 0.000896 0.685174 0.479432 2.054084]
[0.560315 0.686152 0.461553 0.000991 0.699198 0.501121 2.072565]
[0.570435 0.697557 0.46265  0.001084 0.715572 0.496905 2.030209]
[0.596168 0.730755 0.489564 0.001241 0.747436 0.516856 2.047016]
[0.575828 0.708971 0.487687 0.001086 0.718804 0.509318 2.054503]
[0.559501 0.686092 0.450073 0.001004 0.701532 0.485217 2.064084]
[0.546794 0.669863 0.44212  0.00091  0.685402 0.48029  2.060576]
[0.555144 0.681734 0.45693  0.001002 0.694693 0.489973 2.042932]
[0.563656 0.690156 0.466757 0.00098  0.703505 0.505217 2.04623 ]
[0.564521 0.691478 0.470444 0.001031 0.704125 0.502236 2.05733 ]
[0.570226 0.697547 0.477124 0.001046 0.711587 0.509914 2.063351]
[0.583213 0.713762 0.492912 0.001204 0.727801 0.5174   2.052932]
[0.564859 0.690714 0.458994 0.001035 0.707107 0.497756 2.045969]
[0.579011 0.709576 0.478996 0.001155 0.724698 0.508962 2.032356]
[0.590561 0.719482 0.486057 0.001229 0.738312 0.519055 2.060366]
[0.566876 0.694652 0.485056 0.001016 0.705253 0.513076 2.068691]
[0.562818 0.691678 0.471059 0.001033 0.702089 0.498935 2.064136]
[0.551676 0.677958 0.459335 0.000934 0.690124 0.489079 2.04356 ]
[0.565123 0.695843 0.473803 0.001054 0.707419 0.49692  2.065236]
[0.565067 0.693788 0.473501 0.001025 0.707902 0.497362 2.052932]
[0.583738 0.713773 0.487127 0.001217 0.728919 0.51517  2.041518]
[0.554286 0.680463 0.462447 0.000962 0.692446 0.493889 2.062408]
[0.553053 0.675358 0.450017 0.000991 0.691839 0.486845 2.054974]
[0.581142 0.710805 0.482952 0.001194 0.728342 0.504754 2.049267]
[0.556608 0.682557 0.473886 0.000948 0.692154 0.504429 2.067539]
[0.574524 0.701505 0.497543 0.00106  0.710881 0.530572 2.042513]
[0.585097 0.718277 0.491822 0.001176 0.730365 0.514506 2.043455]
[0.569344 0.699367 0.477484 0.001087 0.710835 0.505658 2.045393]
[0.578576 0.713127 0.492796 0.001136 0.72196  0.510804 2.075183]
[0.576301 0.705763 0.496594 0.001091 0.715286 0.524766 2.057644]
[0.579075 0.708893 0.501357 0.001125 0.719435 0.525837 2.034764]
[0.568168 0.695777 0.47188  0.001097 0.710321 0.503348 2.031099]
[0.574264 0.706412 0.497476 0.001078 0.715507 0.514601 2.069267]
[0.55913  0.687409 0.466786 0.000999 0.699898 0.494485 2.068115]
[0.576784 0.70999  0.471036 0.001121 0.724755 0.497573 2.06801 ]
[0.578913 0.70764  0.493648 0.001111 0.720105 0.524796 2.076178]
[0.572859 0.70135  0.493873 0.001105 0.712952 0.515699 2.048743]
[0.566255 0.693656 0.480793 0.001019 0.705438 0.512319 2.04199 ]
[0.574549 0.70299  0.495825 0.00112  0.713621 0.520381 2.060524]
[0.584662 0.713433 0.49579  0.001215 0.726219 0.524737 2.036021]
[0.570217 0.698626 0.485071 0.001089 0.709216 0.511975 2.069319]
[0.579585 0.710349 0.49272  0.001112 0.721105 0.520517 2.08356 ]
[0.548333 0.669855 0.45348  0.000922 0.683636 0.493921 2.040157]
[0.568558 0.697465 0.477978 0.001038 0.708905 0.506561 2.07199 ]
[0.570395 0.699347 0.495237 0.001088 0.707318 0.517564 2.038901]
[0.574774 0.704417 0.501158 0.001066 0.713358 0.521878 2.041937]
[0.556251 0.681109 0.478696 0.000954 0.691109 0.50841  2.055445]
[0.593896 0.729275 0.511696 0.001253 0.73956  0.529168 2.07377 ]
[0.563727 0.690681 0.479136 0.001017 0.702387 0.506145 2.066806]
[0.572138 0.704864 0.494353 0.001107 0.713168 0.513981 2.066335]
[0.573413 0.700265 0.4909   0.001096 0.711133 0.521924 2.055079]
[0.565361 0.689918 0.483987 0.001041 0.701256 0.518554 2.045393]
[0.554259 0.679132 0.458786 0.000986 0.692484 0.490999 2.065759]
[0.572176 0.699508 0.48728  0.001072 0.711538 0.516928 2.06911 ]
[0.575071 0.703825 0.499162 0.001104 0.71344  0.526653 2.064136]
[0.575361 0.70304  0.501363 0.001101 0.712902 0.526862 2.05    ]
[0.565927 0.691906 0.487564 0.001043 0.701964 0.517472 2.055497]
[0.565624 0.691729 0.485118 0.001079 0.702863 0.511579 2.057644]
[0.589492 0.722221 0.515315 0.00117  0.730068 0.54035  2.070524]
[0.576191 0.708496 0.494698 0.00113  0.71768  0.517415 2.06534 ]
[0.582207 0.70993  0.505046 0.001173 0.71974  0.53474  2.055916]
[0.557291 0.680953 0.483917 0.000971 0.689179 0.514838 2.049215]
[0.594478 0.727243 0.523213 0.001236 0.736596 0.541415 2.06801 ]
[0.585387 0.716765 0.513945 0.001174 0.725055 0.535815 2.059895]
[0.581934 0.710024 0.514175 0.001151 0.718864 0.539517 2.071047]
[0.576882 0.707901 0.497985 0.001114 0.717568 0.519112 2.05712 ]
[0.585986 0.718565 0.513001 0.001188 0.726452 0.535519 2.055079]
[0.576879 0.703181 0.503637 0.001068 0.71353  0.534734 2.061204]
[0.541247 0.662559 0.46169  0.00088  0.672844 0.492069 2.072251]
[0.568615 0.696647 0.493153 0.00105  0.706398 0.517013 2.070628]
[0.561205 0.684159 0.489755 0.000989 0.693184 0.521002 2.047382]
[0.594116 0.728839 0.521231 0.001249 0.737612 0.539054 2.057068]
[0.58196  0.711371 0.51346  0.001147 0.720416 0.537207 2.076283]
[0.576786 0.704679 0.505294 0.001133 0.712701 0.531611 2.071728]
[0.581031 0.710207 0.515735 0.001167 0.7174   0.536431 2.060838]
[0.577085 0.706963 0.50492  0.001136 0.71635  0.524449 2.066911]
[0.556753 0.680801 0.48297  0.000955 0.689858 0.51078  2.084817]
[0.562924 0.687507 0.486166 0.001019 0.69832  0.512027 2.07089 ]
[0.561126 0.686501 0.494208 0.000997 0.695416 0.518199 2.039738]
[0.567063 0.691009 0.506554 0.001052 0.698664 0.529414 2.070314]
[0.579444 0.708274 0.512792 0.001115 0.716549 0.534481 2.049005]
[0.570014 0.697213 0.49491  0.001067 0.707376 0.517873 2.054817]
[0.577536 0.704927 0.512778 0.001098 0.711934 0.536246 2.057644]
[0.563091 0.688363 0.490109 0.001014 0.697172 0.517811 2.067068]
[0.596216 0.726459 0.525163 0.001251 0.736155 0.549568 2.061885]
[0.578383 0.708034 0.511135 0.001139 0.716013 0.530058 2.052984]
[0.558902 0.683135 0.490804 0.000964 0.690789 0.519758 2.058586]
[0.571592 0.696388 0.507019 0.001068 0.703852 0.535099 2.045864]
[0.582126 0.709901 0.522817 0.001116 0.717869 0.543933 2.038639]
[0.581008 0.709729 0.517824 0.001136 0.71623  0.539507 2.072199]
[0.600916 0.736875 0.532046 0.0013   0.745286 0.541639 2.057016]
[0.553916 0.677619 0.478847 0.000959 0.687649 0.508507 2.080419]
[0.568309 0.693608 0.511588 0.001028 0.699422 0.536083 2.057225]
[0.558881 0.682184 0.487687 0.001013 0.691975 0.515248 2.045864]
[0.555585 0.678388 0.486938 0.00097  0.687605 0.516327 2.03644 ]
[0.55996  0.683145 0.491659 0.000971 0.691838 0.52053  2.058691]
[0.575881 0.702914 0.506967 0.001137 0.712221 0.529183 2.056806]
[0.592327 0.723914 0.527757 0.0012   0.731725 0.545234 2.060576]
[0.59196  0.725137 0.529007 0.001197 0.7322   0.544056 2.071675]
[0.585058 0.715545 0.529172 0.001178 0.721377 0.543322 2.066963]
[0.59193  0.724038 0.533961 0.001225 0.730601 0.546269 2.040942]
[0.556685 0.677635 0.484363 0.000978 0.687011 0.517429 2.041937]
[0.57018  0.697351 0.496716 0.001087 0.707441 0.520011 2.056492]
[0.593835 0.724233 0.532533 0.001279 0.732902 0.554737 2.050681]
[0.59515  0.729325 0.531554 0.00123  0.736273 0.546455 2.070733]
[0.563332 0.686848 0.498207 0.001016 0.694183 0.527515 2.052775]
[0.600282 0.732782 0.540148 0.001295 0.738384 0.559318 2.057696]
[0.579952 0.709329 0.51895  0.001135 0.71633  0.533424 2.060628]
[0.594295 0.725789 0.522536 0.001218 0.735817 0.545477 2.066859]
[0.569942 0.6952   0.504328 0.001021 0.703972 0.530839 2.072251]
[0.579282 0.709731 0.519254 0.001132 0.717502 0.532641 2.061152]
[0.568013 0.693548 0.516288 0.001018 0.699469 0.534753 2.08534 ]
[0.571186 0.696087 0.50773  0.00109  0.704733 0.534792 2.040471]
[0.569645 0.69458  0.502754 0.001049 0.702806 0.529827 2.065131]
[0.564666 0.689972 0.503909 0.001022 0.697959 0.524933 2.069162]
[0.563928 0.686464 0.507763 0.001039 0.693972 0.532961 2.054188]
[0.564681 0.68987  0.50117  0.001038 0.697122 0.524318 2.072461]
[0.586217 0.713252 0.520137 0.001189 0.722385 0.547664 2.040628]
[0.554317 0.674822 0.494221 0.00098  0.681912 0.521829 2.073717]
[0.573253 0.698705 0.515399 0.001082 0.706736 0.535941 2.071623]
[0.574871 0.700376 0.515043 0.001102 0.708145 0.536741 2.046702]
[0.578615 0.704639 0.515118 0.001151 0.714132 0.538922 2.030524]
[0.585841 0.713053 0.534884 0.001176 0.717871 0.556013 2.055288]
[0.57928  0.706677 0.519995 0.001123 0.714699 0.538404 2.070262]
[0.572654 0.699357 0.507062 0.001083 0.707382 0.529707 2.055654]
[0.581866 0.709129 0.517335 0.001152 0.717843 0.540368 2.04377 ]
[0.554024 0.67501  0.491054 0.00091  0.682181 0.522479 2.076963]
[0.566966 0.692195 0.51378  0.001016 0.698139 0.534602 2.059162]
[0.601932 0.734067 0.53974  0.001317 0.744993 0.553728 2.041047]
[0.549535 0.67083  0.480656 0.000904 0.680308 0.509313 2.022984]
[0.573918 0.698865 0.510228 0.001089 0.706084 0.540137 2.054346]
[0.58611  0.714025 0.519656 0.001179 0.721935 0.54596  2.058168]
[0.579284 0.705656 0.516133 0.001142 0.713232 0.541179 2.060105]
[0.594093 0.725013 0.536022 0.001209 0.731111 0.557332 2.054817]
[0.587872 0.717085 0.527325 0.001193 0.724945 0.545807 2.045288]
[0.597123 0.727392 0.538936 0.001217 0.735389 0.558369 2.063246]
[0.57486  0.702562 0.51706  0.001116 0.707847 0.539698 2.06911 ]
[0.587427 0.71771  0.529447 0.001221 0.723159 0.547258 2.055445]
[0.584288 0.714873 0.517813 0.001158 0.723417 0.535415 2.070366]
[0.583149 0.712811 0.525095 0.001153 0.717911 0.543929 2.068429]
[0.572123 0.69536  0.515316 0.001067 0.703092 0.539674 2.059215]
[0.599642 0.732678 0.548746 0.001282 0.73695  0.559714 2.049424]
[0.587265 0.715759 0.530885 0.001205 0.722759 0.548949 2.050576]
[0.546039 0.66454  0.48321  0.000921 0.673503 0.512082 2.051885]
[0.569053 0.692667 0.506191 0.001067 0.703386 0.527407 2.055026]
[0.566576 0.690612 0.513141 0.001023 0.697095 0.536515 2.05534 ]
[0.563839 0.685075 0.506753 0.00105  0.691964 0.535965 2.043351]
[0.611601 0.746288 0.552544 0.001344 0.752685 0.572723 2.040942]
[0.589687 0.717595 0.532233 0.00122  0.725554 0.552224 2.056754]
[0.587482 0.715343 0.532805 0.001179 0.721833 0.553485 2.042356]
[0.58682  0.71577  0.527957 0.00118  0.723246 0.547712 2.058848]
[0.568732 0.692997 0.510614 0.001071 0.700481 0.534101 2.063403]
[0.557875 0.679909 0.503776 0.00101  0.686753 0.5275   2.079005]
[0.581481 0.708166 0.52687  0.00116  0.715381 0.545747 2.051518]
[0.589238 0.715586 0.528049 0.001234 0.726029 0.549923 2.064293]
[0.581101 0.707543 0.518205 0.001153 0.717512 0.538802 2.05733 ]
[0.579753 0.70739  0.5254   0.001128 0.713823 0.543254 2.070262]
[0.597251 0.728427 0.532291 0.001291 0.737973 0.552124 2.050052]
[0.574301 0.698093 0.514414 0.00109  0.705036 0.542511 2.069895]
[0.615755 0.753681 0.554664 0.00141  0.760316 0.56906  2.059895]
[0.591975 0.721539 0.537806 0.001211 0.726929 0.555663 2.048168]
[0.582312 0.708319 0.533465 0.00113  0.713269 0.556579 2.068586]
[0.595195 0.726543 0.546769 0.001272 0.730029 0.559575 2.038743]
[0.577266 0.701955 0.531544 0.001126 0.706269 0.549837 2.068639]
[0.57208  0.69635  0.526022 0.00106  0.70181  0.544637 2.065864]
[0.575185 0.699981 0.521472 0.001132 0.707352 0.542615 2.051466]
[0.543649 0.662    0.484775 0.000891 0.669247 0.510531 2.065288]
[0.56411  0.68653  0.507803 0.000995 0.694213 0.532177 2.064136]
[0.578885 0.7043   0.514993 0.001154 0.714815 0.53788  2.06    ]
[0.581493 0.707138 0.532894 0.001114 0.713085 0.554695 2.055393]
[0.574756 0.697968 0.517374 0.001096 0.705652 0.541528 2.044188]
[0.577309 0.701106 0.519662 0.001115 0.709385 0.546626 2.060052]
[0.582703 0.709153 0.528942 0.00116  0.716825 0.547206 2.062513]
[0.589453 0.717747 0.536218 0.001184 0.723259 0.556174 2.081571]
[0.585032 0.712933 0.537425 0.001124 0.718002 0.553675 2.051832]
[0.593348 0.725075 0.537344 0.001246 0.731153 0.553043 2.059424]
[0.585587 0.711961 0.535745 0.00116  0.719391 0.554045 2.068115]
[0.594399 0.722602 0.539451 0.001258 0.730033 0.560805 2.063822]
[0.585664 0.710551 0.531159 0.00124  0.718    0.556347 2.055079]
[0.585764 0.711744 0.535473 0.001187 0.71943  0.553464 2.051099]
[0.574155 0.699009 0.523318 0.001099 0.703849 0.544094 2.066649]
[0.60182  0.734754 0.555012 0.001268 0.739761 0.565976 2.060262]
[0.585929 0.714461 0.53552  0.001189 0.719792 0.550822 2.049895]
[0.577203 0.701785 0.524018 0.001164 0.708714 0.545252 2.052356]
[0.58597  0.712002 0.536854 0.001184 0.717583 0.560582 2.067539]
[0.589918 0.719192 0.535194 0.00119  0.724768 0.557151 2.059424]
[0.574152 0.701119 0.517927 0.001113 0.706435 0.538915 2.062199]
[0.566085 0.688667 0.513807 0.001047 0.695371 0.537638 2.048482]
[0.577114 0.702342 0.518465 0.00115  0.710354 0.541406 2.060785]
[0.589155 0.716042 0.540662 0.001153 0.722413 0.561356 2.062251]
[0.620382 0.755915 0.572991 0.001406 0.759545 0.58553  2.063141]
[0.579008 0.704767 0.532102 0.001122 0.710089 0.551064 2.056283]
[0.589062 0.720407 0.533082 0.001205 0.725712 0.548119 2.065445]
[0.571565 0.694618 0.51601  0.001103 0.699999 0.541477 2.06199 ]
[0.57438  0.699443 0.525774 0.001092 0.705105 0.544591 2.049948]
[0.573878 0.696111 0.531775 0.001097 0.70127  0.554588 2.053665]
[0.58648  0.71592  0.533251 0.001193 0.721068 0.548849 2.070838]
[0.608424 0.736589 0.557338 0.001389 0.745782 0.575123 2.050838]
[0.60097  0.729295 0.549944 0.001299 0.737105 0.569728 2.047277]
[0.592238 0.720886 0.542274 0.001243 0.725761 0.564243 2.066335]
[0.589577 0.716365 0.543541 0.001208 0.721089 0.563757 2.075393]
[0.617596 0.754002 0.571356 0.001458 0.759444 0.576043 2.04911 ]
[0.583012 0.707297 0.536518 0.00112  0.713971 0.558707 2.061047]
[0.596802 0.723968 0.552412 0.001289 0.729425 0.573101 2.05712 ]
[0.595619 0.724653 0.546516 0.001287 0.730237 0.563342 2.070681]
[0.587602 0.715955 0.534779 0.001227 0.721876 0.551436 2.063874]
[0.582459 0.707828 0.531695 0.001189 0.715487 0.550346 2.047801]
[0.600513 0.731554 0.557111 0.001311 0.735987 0.568565 2.059529]
[0.564923 0.686927 0.52534  0.001051 0.690123 0.542059 2.037382]
[0.606339 0.734295 0.564772 0.001319 0.740041 0.583327 2.057068]
[0.592545 0.721369 0.548488 0.001179 0.725202 0.566811 2.067749]
[0.577785 0.700629 0.537326 0.001126 0.706045 0.557695 2.039529]
[0.564684 0.68545  0.52006  0.001056 0.691613 0.540948 2.069843]
[0.593916 0.722481 0.543526 0.001246 0.728895 0.560816 2.06267 ]
[0.594032 0.723948 0.534709 0.001234 0.730118 0.557537 2.057539]
[0.572239 0.697172 0.519519 0.001028 0.703139 0.5422   2.057958]
[0.569267 0.692103 0.521346 0.001052 0.697737 0.545693 2.063246]
[0.573547 0.693348 0.529143 0.001076 0.698334 0.555878 2.066387]
[0.565168 0.68672  0.512084 0.001059 0.694504 0.53681  2.071937]
[0.586649 0.712484 0.547727 0.001174 0.715723 0.565602 2.03712 ]
[0.574499 0.69585  0.53375  0.001091 0.700619 0.553922 2.04822 ]
[0.576515 0.699606 0.532184 0.001097 0.706381 0.551453 2.042565]
[0.561373 0.677723 0.517311 0.000992 0.682966 0.546385 2.073194]
[0.618441 0.752334 0.574098 0.00141  0.757542 0.586324 2.051257]
[0.579586 0.702014 0.536955 0.001116 0.707136 0.558185 2.05822 ]
[0.579239 0.702413 0.535309 0.001168 0.70742  0.558376 2.042618]
[0.585462 0.709865 0.547026 0.001139 0.71341  0.565177 2.056126]
[0.591873 0.720678 0.536767 0.001203 0.72698  0.559543 2.059791]
[0.589263 0.716494 0.529925 0.001216 0.724278 0.553812 2.04377 ]
[0.561182 0.678368 0.509255 0.001007 0.68676  0.542142 2.058325]
[0.583164 0.705937 0.538076 0.001167 0.709986 0.56358  2.058534]
[0.593115 0.718943 0.553024 0.001217 0.723713 0.573076 2.038272]
[0.572281 0.693157 0.531963 0.001075 0.698544 0.554892 2.047539]
[0.584015 0.711236 0.534069 0.001196 0.716563 0.554639 2.040105]
[0.598936 0.724559 0.563086 0.001262 0.729133 0.580699 2.044503]
[0.563178 0.681146 0.521993 0.001022 0.6866   0.547069 2.044084]
[0.578032 0.701581 0.534252 0.001076 0.705814 0.55975  2.063717]
[0.592135 0.71803  0.549732 0.001195 0.723693 0.568619 2.054974]
[0.575705 0.696193 0.537733 0.001106 0.701081 0.559718 2.063665]
[0.571963 0.691809 0.524751 0.001088 0.697979 0.552244 2.047225]
[0.579456 0.702068 0.543719 0.001117 0.704936 0.563328 2.049791]
[0.595914 0.72362  0.551703 0.001247 0.729646 0.56618  2.067173]
[0.59422  0.720213 0.547244 0.001233 0.726723 0.569938 2.078953]
[0.585053 0.710721 0.535697 0.001214 0.7149   0.560191 2.044921]
[0.600575 0.730562 0.550218 0.001263 0.736334 0.570543 2.050681]
[0.601218 0.726466 0.558747 0.001279 0.733996 0.581042 2.052827]
[0.599078 0.726842 0.557449 0.001225 0.732298 0.576063 2.053455]
[0.576821 0.701064 0.529236 0.001137 0.706064 0.551387 2.042932]
[0.581684 0.707583 0.52967  0.001197 0.713699 0.550148 2.060209]
[0.585593 0.708041 0.546904 0.001132 0.714639 0.569453 2.04288 ]
[0.588548 0.712813 0.551368 0.00119  0.716534 0.567754 2.059581]
[0.57929  0.702836 0.540995 0.001112 0.708227 0.557746 2.068743]
[0.557031 0.672585 0.518474 0.000954 0.679043 0.541842 2.071152]
[0.583839 0.70879  0.539486 0.001144 0.714597 0.559646 2.05911 ]
[0.592674 0.717482 0.548983 0.001261 0.723137 0.56869  2.050942]
[0.58091  0.702672 0.543639 0.001137 0.708377 0.562791 2.04801 ]
[0.581428 0.70277  0.545171 0.001155 0.708467 0.563515 2.039895]
[0.548933 0.662626 0.501514 0.000926 0.669268 0.532893 2.061832]
[0.586629 0.713052 0.549138 0.001154 0.717364 0.567009 2.07089 ]
[0.582171 0.705876 0.542917 0.001159 0.710527 0.558304 2.053665]
[0.586098 0.709393 0.545854 0.00118  0.71594  0.567302 2.054346]
[0.597427 0.722608 0.550837 0.001274 0.731067 0.56966  2.062199]
[0.605682 0.732915 0.565869 0.001341 0.737014 0.58572  2.05377 ]
[0.620557 0.75417  0.571335 0.001413 0.761471 0.584696 2.073874]
[0.583851 0.70821  0.543564 0.001182 0.713539 0.563247 2.046963]
[0.589373 0.717992 0.544348 0.001211 0.722059 0.558001 2.057277]
[0.575171 0.693129 0.536821 0.001109 0.698591 0.562598 2.048691]
[0.604942 0.730602 0.571319 0.001324 0.734802 0.590003 2.062618]
[0.596655 0.722404 0.559017 0.001273 0.726818 0.575751 2.050366]
[0.575513 0.697371 0.53068  0.001096 0.702856 0.554915 2.064974]
[0.582766 0.703454 0.553922 0.001124 0.707609 0.571499 2.071309]
[0.568583 0.686371 0.527859 0.001047 0.691298 0.557039 2.055602]
[0.602794 0.732519 0.554834 0.00134  0.739068 0.566665 2.062147]
[0.586557 0.712688 0.549057 0.001172 0.716471 0.564527 2.054031]
[0.588881 0.713719 0.553138 0.001236 0.71667  0.56935  2.027958]
[0.592344 0.716493 0.550084 0.00126  0.722139 0.573588 2.04555 ]
[0.584496 0.707925 0.540087 0.001178 0.714353 0.563643 2.05712 ]
[0.592816 0.71726  0.548467 0.001237 0.724071 0.570802 2.056178]
[0.588749 0.711822 0.550146 0.001195 0.715203 0.574202 2.043613]
[0.568245 0.686554 0.521098 0.001036 0.694057 0.548991 2.043665]
[0.570618 0.695481 0.516144 0.001129 0.701748 0.538081 2.081414]
[0.608988 0.740232 0.562101 0.001334 0.74514  0.577706 2.067539]
[0.572805 0.692628 0.529778 0.001061 0.697559 0.556043 2.047225]
[0.578735 0.700065 0.537247 0.001121 0.705924 0.561674 2.071414]
[0.5827   0.708603 0.535404 0.00118  0.714715 0.553751 2.051728]
[0.584403 0.706367 0.543861 0.00118  0.712618 0.566498 2.07466 ]
[0.585733 0.708994 0.537036 0.001178 0.716298 0.564422 2.058377]
[0.595097 0.721591 0.554327 0.001275 0.726683 0.574161 2.064136]
[0.601581 0.731763 0.558578 0.001256 0.736544 0.573596 2.047906]
[0.59619  0.72288  0.56087  0.001272 0.72502  0.576057 2.059162]
[0.601512 0.726279 0.562345 0.001322 0.732169 0.583067 2.05534 ]
[0.586376 0.708884 0.551923 0.001223 0.713502 0.570228 2.056021]
[0.58954  0.712757 0.553835 0.001212 0.717312 0.57     2.065288]
[0.600353 0.72616  0.563013 0.001308 0.73222  0.579231 2.058848]
[0.596364 0.722064 0.55742  0.00123  0.726237 0.573894 2.075131]
[0.586963 0.709206 0.548606 0.001211 0.713807 0.571474 2.071885]
[0.595533 0.721588 0.548819 0.001302 0.728985 0.56494  2.059581]
[0.595422 0.719395 0.555315 0.001245 0.726191 0.577658 2.038272]
[0.591868 0.715717 0.551247 0.001245 0.720951 0.574406 2.055288]
[0.614358 0.744093 0.582079 0.001362 0.747884 0.596119 2.069005]
[0.588568 0.711057 0.553753 0.001218 0.716276 0.573522 2.077539]
[0.580188 0.702702 0.53995  0.001117 0.706963 0.563562 2.07555 ]
[0.575506 0.694516 0.541068 0.001088 0.698714 0.562325 2.035026]
[0.593346 0.717662 0.558366 0.001259 0.72136  0.576594 2.064084]
[0.570871 0.690428 0.531045 0.001084 0.695536 0.554099 2.05534 ]
[0.59384  0.719416 0.552076 0.00125  0.725754 0.572124 2.06733 ]
[0.611355 0.739385 0.575585 0.001367 0.743154 0.59198  2.054712]
[0.615717 0.745977 0.578513 0.001404 0.750018 0.591801 2.057696]
[0.59404  0.722073 0.551067 0.001267 0.728416 0.563656 2.043717]
[0.583108 0.702053 0.54644  0.001164 0.706454 0.576393 2.062147]
[0.582326 0.703651 0.541314 0.001191 0.70844  0.56667  2.071571]
[0.5832   0.705213 0.542198 0.001149 0.711099 0.564408 2.079581]
[0.552216 0.664317 0.514343 0.000929 0.670268 0.545321 2.052775]
[0.608458 0.734154 0.562992 0.001365 0.742794 0.585413 2.041204]
[0.595772 0.718081 0.558354 0.001242 0.723615 0.578222 2.054764]
[0.60645  0.73179  0.572253 0.00137  0.736146 0.591269 2.054764]
[0.595572 0.717844 0.556482 0.001265 0.723658 0.579632 2.055812]
[0.610363 0.738234 0.573711 0.001394 0.743715 0.590172 2.071152]
[0.604735 0.731848 0.566979 0.001365 0.737112 0.583662 2.096649]
[0.585417 0.706366 0.553558 0.001203 0.711296 0.572011 2.046126]
[0.594869 0.7169   0.56435  0.001277 0.720941 0.583868 2.063455]
[0.611845 0.740512 0.571684 0.001377 0.745387 0.589341 2.063141]
[0.57123  0.690344 0.526123 0.001122 0.697662 0.548914 2.064764]
[0.615774 0.743877 0.58071  0.00141  0.749933 0.592678 2.055497]
[0.598668 0.724059 0.561152 0.001321 0.72869  0.579498 2.064084]
[0.59612  0.720835 0.56093  0.001249 0.725776 0.578344 2.071571]
[0.580668 0.704538 0.538474 0.00114  0.708081 0.561017 2.050314]
[0.601263 0.724814 0.568033 0.001353 0.729588 0.58754  2.049738]
[0.593572 0.717454 0.564001 0.001254 0.721083 0.579339 2.053194]
[0.592759 0.714982 0.563762 0.001199 0.717364 0.584653 2.056963]
[0.591071 0.717239 0.551115 0.001226 0.719648 0.57073  2.084503]
[0.572317 0.692111 0.533688 0.001127 0.696288 0.559295 2.05356 ]
[0.590662 0.712246 0.549662 0.001226 0.71789  0.575637 2.073351]
[0.605919 0.732298 0.568372 0.001309 0.737588 0.588705 2.054398]
[0.60373  0.727745 0.568284 0.001312 0.732616 0.590042 2.055864]
[0.595952 0.719732 0.56418  0.00123  0.724051 0.582194 2.067592]
[0.591933 0.712675 0.55847  0.001244 0.717232 0.58212  2.062827]
[0.59148  0.71173  0.553855 0.001201 0.718071 0.57848  2.068482]
[0.602294 0.729856 0.559736 0.00129  0.73601  0.580752 2.06534 ]
[0.587766 0.707059 0.552061 0.001208 0.713564 0.575811 2.061099]
[0.581054 0.700585 0.554655 0.001146 0.703789 0.569946 2.05288 ]
[0.594363 0.7166   0.559907 0.001236 0.719821 0.581872 2.053351]
[0.601965 0.723583 0.567525 0.001331 0.730514 0.588655 2.065969]
[0.587565 0.707081 0.553308 0.001184 0.712728 0.576873 2.060733]
[0.594683 0.718772 0.56454  0.001218 0.721724 0.582566 2.072042]
[0.582732 0.700408 0.553946 0.001159 0.70496  0.576105 2.051728]
[0.577751 0.697025 0.540846 0.001136 0.702922 0.56174  2.069791]
[0.559482 0.673911 0.524339 0.001009 0.679578 0.550692 2.046492]
[0.60922  0.735063 0.575873 0.001396 0.739157 0.594521 2.047906]
[0.591408 0.715638 0.554635 0.001238 0.720545 0.576393 2.042984]
[0.609114 0.740174 0.579585 0.001393 0.742228 0.586581 2.054346]
[0.605228 0.730161 0.576608 0.001336 0.734205 0.590954 2.059843]
[0.585874 0.709018 0.540609 0.001245 0.714246 0.567039 2.064555]
[0.579064 0.698752 0.540867 0.001164 0.703959 0.567024 2.061257]
[0.599887 0.722649 0.57361  0.001274 0.725023 0.595211 2.052094]
[0.562383 0.675886 0.527395 0.001044 0.68055  0.556747 2.035812]
[0.595537 0.718151 0.563115 0.001294 0.72178  0.586739 2.041309]
[0.580467 0.703095 0.540258 0.001181 0.70768  0.561051 2.06733 ]
[0.568092 0.685117 0.533613 0.001085 0.689484 0.558821 2.048115]
[0.589264 0.709828 0.561189 0.001207 0.712487 0.58118  2.061571]
[0.59328  0.713351 0.562867 0.001238 0.717418 0.585847 2.033822]
[0.588212 0.709465 0.557236 0.0012   0.713843 0.575837 2.070681]
[0.586598 0.705932 0.559033 0.00117  0.709766 0.579393 2.055079]
[0.574137 0.691353 0.542043 0.001064 0.695812 0.565777 2.075026]
[0.586887 0.706086 0.556063 0.001165 0.710875 0.579252 2.077906]
[0.578212 0.696141 0.548621 0.001107 0.6991   0.570563 2.06822 ]
[0.609914 0.736065 0.577638 0.001413 0.740099 0.590856 2.051518]
[0.610098 0.737329 0.573505 0.001361 0.742618 0.592118 2.059895]
[0.612121 0.737986 0.579115 0.0014   0.742817 0.596685 2.063194]
[0.584036 0.702684 0.550172 0.001199 0.708274 0.574447 2.049895]
[0.59019  0.71187  0.56041  0.00119  0.716064 0.580042 2.07733 ]
[0.590465 0.712958 0.561796 0.001181 0.716629 0.575901 2.056283]
[0.592501 0.713461 0.556035 0.001245 0.719096 0.579981 2.063665]
[0.578069 0.696391 0.540074 0.001151 0.702408 0.567218 2.069424]
[0.581346 0.701283 0.547081 0.001167 0.706093 0.568098 2.055393]
[0.626387 0.757031 0.593777 0.001498 0.76114  0.607339 2.03555 ]
[0.596557 0.718501 0.569928 0.001295 0.722396 0.586403 2.064555]
[0.576311 0.691319 0.546425 0.001097 0.695587 0.577109 2.046702]
[0.606196 0.732505 0.581012 0.001373 0.734328 0.592416 2.036387]
[0.599867 0.727969 0.564957 0.001307 0.730751 0.581223 2.064817]
[0.576371 0.693822 0.546926 0.001102 0.698236 0.56867  2.051885]
[0.59442  0.715773 0.557166 0.001251 0.721217 0.584496 2.059162]
[0.59884  0.72051  0.56671  0.001302 0.725609 0.586302 2.050628]
[0.587591 0.707895 0.560446 0.001238 0.712073 0.576078 2.052932]
[0.583475 0.704297 0.54611  0.001158 0.710087 0.569685 2.058115]
[0.610549 0.734631 0.573877 0.001351 0.741653 0.597171 2.050471]
[0.596549 0.719446 0.568838 0.001294 0.723135 0.585234 2.05288 ]
[0.598072 0.720901 0.566926 0.001297 0.725591 0.586584 2.068115]
[0.607494 0.734084 0.583275 0.001328 0.73608  0.593063 2.092094]
[0.578459 0.697145 0.543601 0.001113 0.702233 0.568712 2.035236]
[0.571574 0.690559 0.532965 0.001078 0.696707 0.555118 2.088115]
[0.590887 0.711728 0.568055 0.001177 0.71459  0.583414 2.068743]
[0.608049 0.733117 0.579034 0.001371 0.737166 0.595197 2.065183]
[0.616415 0.741033 0.5866   0.00143  0.745042 0.608225 2.049319]
[0.57959  0.696795 0.543987 0.00114  0.703484 0.570063 2.053455]
[0.586278 0.707214 0.551714 0.001193 0.712011 0.573544 2.056126]
[0.590771 0.711334 0.558789 0.001218 0.714676 0.583501 2.048848]
[0.593885 0.71686  0.560593 0.001256 0.721093 0.579244 2.039424]
[0.584728 0.704931 0.547909 0.001168 0.711045 0.569709 2.066859]
[0.584734 0.705962 0.55128  0.001181 0.710424 0.570835 2.062827]
[0.598696 0.72085  0.569712 0.001302 0.724849 0.586619 2.069634]
[0.604586 0.728756 0.576567 0.001373 0.732215 0.59001  2.042461]
[0.58278  0.699226 0.55466  0.001155 0.702992 0.579151 2.036073]
[0.587751 0.706496 0.562959 0.001187 0.709868 0.584608 2.051466]
[0.57095  0.684755 0.537699 0.001116 0.68958  0.566284 2.050942]
[0.584944 0.70195  0.558738 0.001165 0.706964 0.580088 2.077173]
[0.594263 0.718633 0.566334 0.001223 0.722606 0.578837 2.073246]
[0.596042 0.719017 0.565852 0.001266 0.723104 0.582535 2.059215]
[0.595802 0.72242  0.561543 0.001302 0.725755 0.572711 2.053979]
[0.584882 0.704321 0.561036 0.001179 0.707056 0.577044 2.044188]
[0.585526 0.706532 0.55207  0.001208 0.71125  0.572103 2.047016]
[0.589883 0.709097 0.563684 0.001216 0.713366 0.585255 2.061466]
[0.598616 0.720049 0.559821 0.001313 0.72572  0.585417 2.045497]
[0.606229 0.729904 0.583149 0.001349 0.733042 0.599091 2.062094]
[0.576898 0.697027 0.542995 0.001161 0.701085 0.56119  2.051257]
[0.600257 0.722391 0.570693 0.001279 0.727181 0.593444 2.039424]
[0.581584 0.696765 0.55239  0.001187 0.703166 0.577055 2.039634]
[0.596916 0.720933 0.562547 0.001273 0.724482 0.585806 2.052513]
[0.589794 0.706435 0.564227 0.001209 0.710776 0.587217 2.034817]
[0.563003 0.6779   0.528746 0.00104  0.682841 0.555623 2.038953]
[0.579957 0.695651 0.55334  0.001145 0.700208 0.577679 2.051361]
[0.608328 0.732352 0.583312 0.001378 0.735856 0.601046 2.040628]
[0.577967 0.69366  0.548636 0.001168 0.698071 0.573777 2.044136]
[0.589236 0.709656 0.556205 0.00123  0.714741 0.576366 2.048586]
[0.61127  0.735156 0.583008 0.001353 0.739842 0.602061 2.05377 ]
[0.597855 0.718489 0.570029 0.001284 0.722902 0.59013  2.038743]
[0.560476 0.672172 0.531771 0.000995 0.676905 0.559064 2.043508]
[0.579713 0.699468 0.553189 0.001106 0.703556 0.568419 2.075288]
[0.584551 0.702117 0.556064 0.001187 0.707357 0.577999 2.057173]
[0.595383 0.718871 0.564349 0.00124  0.723983 0.5778   2.07534 ]
[0.602922 0.728973 0.574508 0.001318 0.731206 0.587591 2.054398]
[0.611707 0.737905 0.587021 0.001359 0.741776 0.597339 2.077225]
[0.5814   0.697668 0.553918 0.001161 0.702923 0.575218 2.049791]
[0.590758 0.710049 0.56176  0.001225 0.715193 0.582193 2.064031]
[0.57957  0.698242 0.546373 0.001131 0.702685 0.569786 2.084136]
[0.582099 0.700222 0.553421 0.001173 0.704067 0.57345  2.06822 ]
[0.593913 0.717727 0.564229 0.001253 0.72048  0.57838  2.05377 ]
[0.595207 0.717183 0.567909 0.001233 0.720832 0.58627  2.038639]
[0.57339  0.687394 0.541834 0.001087 0.69299  0.570602 2.04288 ]
[0.617778 0.745441 0.588062 0.001418 0.750458 0.599319 2.088115]
[0.571692 0.686609 0.543547 0.001078 0.690614 0.56929  2.062094]
[0.583391 0.70116  0.5417   0.001213 0.709017 0.571233 2.039476]
[0.60044  0.725744 0.574037 0.001366 0.73015  0.5824   2.050576]
[0.583349 0.703113 0.552357 0.001203 0.707069 0.57262  2.045288]
[0.616047 0.745283 0.583904 0.001431 0.748613 0.596838 2.051152]
[0.608028 0.730731 0.588028 0.001314 0.733389 0.60179  2.050733]
[0.590678 0.712218 0.559369 0.001244 0.717205 0.578699 2.060524]
[0.582716 0.699853 0.554486 0.001196 0.704891 0.577472 2.047592]
[0.573403 0.688634 0.54559  0.001082 0.694009 0.569706 2.077592]
[0.605874 0.730414 0.585837 0.001339 0.73263  0.596107 2.061675]
[0.573185 0.689463 0.540248 0.001086 0.695179 0.564479 2.03555 ]
[0.597644 0.719631 0.575445 0.001248 0.723157 0.589995 2.071309]
[0.57993  0.700046 0.551581 0.001147 0.703365 0.570469 2.06377 ]
[0.58896  0.707199 0.568221 0.001223 0.710484 0.58376  2.044817]
[0.618846 0.744513 0.59344  0.001466 0.748077 0.607852 2.052723]
[0.582759 0.700094 0.553688 0.001146 0.703984 0.580175 2.058953]
[0.599305 0.719089 0.568612 0.001287 0.723434 0.593927 2.054136]
[0.600027 0.721944 0.572144 0.001293 0.726328 0.592057 2.072042]
[0.600947 0.721287 0.576784 0.001244 0.72489  0.597812 2.076545]
[0.594221 0.714515 0.568825 0.001289 0.717168 0.589521 2.062723]
[0.594123 0.716615 0.568272 0.001244 0.719646 0.582518 2.076387]
[0.587811 0.707175 0.561137 0.001202 0.709599 0.58212  2.072513]
[0.599913 0.720956 0.574233 0.001261 0.724621 0.59237  2.062356]
[0.577759 0.693524 0.548299 0.001143 0.69839  0.572529 2.047068]
[0.590871 0.711075 0.556185 0.001249 0.715653 0.57995  2.040785]
[0.600004 0.725113 0.571422 0.001352 0.729088 0.581789 2.071623]
[0.601467 0.72325  0.576906 0.001332 0.726773 0.593226 2.06178 ]
[0.615177 0.740499 0.591608 0.001413 0.743896 0.60651  2.042199]
[0.609658 0.73437  0.586241 0.001325 0.73718  0.601642 2.060995]
[0.617882 0.744751 0.592137 0.001427 0.749811 0.603969 2.073455]
[0.584749 0.704814 0.552712 0.001173 0.708932 0.572948 2.059581]
[0.587127 0.710207 0.5505   0.001232 0.714174 0.569241 2.046492]
[0.574735 0.689677 0.547191 0.001096 0.695739 0.569524 2.050681]
[0.593443 0.70952  0.574065 0.001195 0.712501 0.59694  2.055812]
[0.598425 0.720402 0.579536 0.001312 0.722023 0.594802 2.056702]
[0.591834 0.711751 0.56629  0.001254 0.715603 0.584308 2.063822]
[0.596507 0.716037 0.573304 0.001274 0.719812 0.590788 2.060209]
[0.591252 0.71067  0.564515 0.001213 0.714825 0.585881 2.055445]
[0.59327  0.713108 0.56685  0.00128  0.71704  0.584042 2.048063]
[0.590059 0.707214 0.563998 0.001233 0.711111 0.587428 2.062356]
[0.582891 0.701003 0.551472 0.001145 0.706899 0.575299 2.048272]
[0.572835 0.687952 0.542086 0.001107 0.693673 0.569405 2.054503]
[0.558492 0.673709 0.521948 0.001033 0.678633 0.547205 2.038482]
[0.579679 0.695567 0.55379  0.001147 0.699405 0.578685 2.053979]
[0.586735 0.703476 0.562589 0.001208 0.707779 0.586527 2.036859]
[0.591585 0.710631 0.56941  0.00118  0.71377  0.586153 2.062723]
[0.603895 0.723552 0.582264 0.001307 0.726082 0.600963 2.050942]
[0.578357 0.694998 0.556373 0.001106 0.696744 0.575458 2.069634]
[0.600764 0.72407  0.568445 0.001343 0.729916 0.585714 2.044764]
[0.592593 0.712023 0.564745 0.00126  0.716382 0.583447 2.050785]
[0.572758 0.687588 0.54511  0.001114 0.692813 0.568949 2.055079]
[0.606013 0.72646  0.585713 0.001298 0.730703 0.604381 2.063298]
[0.606914 0.729122 0.579374 0.001379 0.735446 0.595504 2.071675]
[0.595114 0.716618 0.571515 0.001252 0.719637 0.58782  2.070942]
[0.595134 0.714848 0.568988 0.001247 0.719925 0.587868 2.06555 ]
[0.598457 0.717079 0.579475 0.001284 0.721029 0.596767 2.066021]
[0.601075 0.723869 0.57609  0.001314 0.727655 0.592563 2.06445 ]
[0.612524 0.737947 0.588587 0.001446 0.741101 0.602542 2.059424]
[0.587507 0.702846 0.571454 0.001177 0.705462 0.589136 2.06644 ]
[0.615331 0.742284 0.591225 0.001454 0.74461  0.600012 2.059424]
[0.612328 0.734757 0.590151 0.001363 0.73876  0.610774 2.071518]
[0.601388 0.722503 0.575683 0.001287 0.726813 0.595564 2.054712]
[0.620581 0.745281 0.605747 0.001463 0.747638 0.617494 2.06911 ]
[0.602929 0.726862 0.577274 0.001324 0.729758 0.591506 2.059686]
[0.579539 0.697805 0.552536 0.00116  0.70312  0.572972 2.030524]
[0.600405 0.720938 0.57717  0.001252 0.723801 0.59942  2.072723]
[0.617662 0.744053 0.589844 0.001465 0.747677 0.605597 2.072827]
[0.59165  0.711516 0.556015 0.001278 0.715182 0.582345 2.064555]
[0.59956  0.720851 0.572272 0.001298 0.725691 0.593252 2.063822]
[0.58884  0.707669 0.567501 0.001219 0.71153  0.584698 2.07089 ]
[0.569247 0.683199 0.536959 0.001089 0.688852 0.564622 2.053403]
[0.591936 0.70977  0.571625 0.001251 0.712936 0.593002 2.042408]
[0.607021 0.72848  0.582919 0.001346 0.732079 0.602804 2.063194]
[0.577003 0.690981 0.547997 0.001121 0.696734 0.577309 2.067225]
[0.588312 0.704881 0.566594 0.001228 0.708743 0.583562 2.060995]
[0.581447 0.699327 0.552362 0.001139 0.702556 0.575543 2.074712]
[0.600241 0.720142 0.575932 0.001301 0.724493 0.595075 2.080314]
[0.605216 0.728863 0.576815 0.001324 0.733394 0.594826 2.053037]
[0.574939 0.688518 0.545537 0.001084 0.694268 0.57259  2.075131]
[0.588229 0.704387 0.5672   0.001193 0.707526 0.590615 2.039634]
[0.601271 0.719956 0.575525 0.001284 0.724902 0.597493 2.064084]
[0.602354 0.728054 0.576917 0.001314 0.730732 0.587531 2.051623]
[0.608523 0.728303 0.589018 0.001297 0.731464 0.610431 2.073298]
[0.585761 0.703072 0.558923 0.001214 0.706613 0.582617 2.072356]
[0.607648 0.732182 0.580585 0.001335 0.735413 0.594048 2.074293]
[0.599231 0.721455 0.572152 0.00129  0.724394 0.591028 2.063613]
[0.571653 0.683613 0.549707 0.00108  0.686955 0.573971 2.063455]
[0.619194 0.742894 0.599483 0.001439 0.744797 0.617454 2.042775]
[0.58267  0.697409 0.560645 0.001184 0.700615 0.581854 2.06801 ]
[0.57125  0.683502 0.548517 0.001087 0.687814 0.574302 2.062565]
[0.57991  0.696609 0.549481 0.001196 0.703235 0.572695 2.04534 ]
[0.57805  0.691997 0.545742 0.00113  0.698505 0.573118 2.065131]
[0.606601 0.731829 0.579651 0.001331 0.735089 0.593218 2.056597]
[0.595374 0.716605 0.564797 0.001309 0.721608 0.584793 2.053089]
[0.582281 0.698055 0.561414 0.001139 0.700663 0.586215 2.055393]
[0.601545 0.721568 0.583052 0.001307 0.724817 0.600474 2.052775]
[0.604344 0.72713  0.582987 0.001349 0.731548 0.598536 2.056649]
[0.590665 0.709335 0.57097  0.001224 0.712009 0.587991 2.056387]
[0.57992  0.694148 0.556065 0.001171 0.698973 0.57699  2.047016]
[0.607383 0.727054 0.585468 0.0014   0.731927 0.603617 2.037801]
[0.583838 0.69923  0.558186 0.001176 0.703279 0.583225 2.058901]
[0.599054 0.721376 0.57271  0.001318 0.726186 0.58954  2.04801 ]
[0.59883  0.716059 0.578901 0.001305 0.720528 0.599258 2.03267 ]
[0.625791 0.750591 0.606417 0.001495 0.7539   0.622535 2.037435]
[0.611208 0.733008 0.594056 0.001388 0.735092 0.606413 2.06644 ]
[0.583686 0.699469 0.560029 0.001194 0.702587 0.584434 2.036492]
[0.58843  0.70769  0.559102 0.001224 0.712612 0.578667 2.049581]
[0.591277 0.709475 0.568131 0.00122  0.713368 0.58845  2.052932]
[0.600439 0.722738 0.576674 0.0013   0.72581  0.592514 2.070471]
[0.613213 0.736872 0.59514  0.001411 0.739524 0.609414 2.053351]
[0.594701 0.715193 0.570871 0.001249 0.717578 0.586675 2.068953]
[0.59058  0.708403 0.565823 0.001209 0.712657 0.58817  2.039372]
[0.573618 0.6881   0.550523 0.001065 0.690654 0.573621 2.081623]
[0.599138 0.719473 0.578525 0.001303 0.721755 0.596427 2.053298]
[0.584775 0.700186 0.56408  0.001188 0.705281 0.58558  2.057906]
[0.587361 0.707323 0.561093 0.001171 0.710365 0.579734 2.077382]
[0.608585 0.730456 0.588558 0.001358 0.734515 0.604462 2.062723]
[0.602958 0.723468 0.577144 0.001336 0.727889 0.596691 2.057277]
[0.599612 0.721775 0.576904 0.001238 0.725171 0.593542 2.051047]
[0.602498 0.72399  0.579231 0.001312 0.727888 0.594371 2.05712 ]
[0.576922 0.697714 0.554375 0.001082 0.70148  0.564173 2.061309]
[0.578197 0.694881 0.551894 0.001138 0.698246 0.572462 2.060681]
[0.588222 0.705748 0.565758 0.001176 0.709742 0.585674 2.036597]
[0.607979 0.728021 0.589404 0.001365 0.731784 0.607398 2.039319]
[0.617108 0.742438 0.598647 0.00143  0.745459 0.607513 2.071257]
[0.626262 0.751468 0.60364  0.001499 0.755269 0.617618 2.054869]
[0.600541 0.720096 0.580462 0.001286 0.722995 0.599694 2.080157]
[0.587566 0.703399 0.562131 0.001223 0.708967 0.585025 2.063141]
[0.572807 0.683251 0.551039 0.001105 0.68813  0.577008 2.038691]
[0.603183 0.723214 0.579194 0.001291 0.726982 0.599525 2.061466]
[0.613809 0.735926 0.597658 0.001412 0.740438 0.610355 2.053141]
[0.606602 0.728449 0.587104 0.00135  0.731758 0.600862 2.076702]
[0.578523 0.692318 0.556071 0.001098 0.697444 0.577909 2.059686]
[0.586604 0.707484 0.557886 0.00117  0.71232  0.573351 2.081937]
[0.605905 0.728217 0.587959 0.001348 0.729789 0.599191 2.044503]
[0.613523 0.735986 0.598828 0.001385 0.737883 0.616025 2.068901]
[0.589288 0.708705 0.56269  0.001206 0.713438 0.58251  2.058429]
[0.581553 0.698463 0.55707  0.001194 0.702637 0.57933  2.066492]
[0.592564 0.706332 0.576377 0.001253 0.710529 0.600307 2.050262]
[0.583637 0.698056 0.564673 0.001172 0.700691 0.585928 2.059738]
[0.607065 0.730167 0.590054 0.001363 0.732554 0.599241 2.07534 ]
[0.586793 0.703515 0.561159 0.001209 0.708608 0.584157 2.039372]
[0.602344 0.719325 0.583722 0.001282 0.723994 0.605504 2.041152]
[0.602451 0.723665 0.587515 0.001353 0.725863 0.599535 2.061047]
[0.587762 0.704646 0.565525 0.001191 0.70759  0.590184 2.060419]
[0.587203 0.704705 0.567599 0.001212 0.708125 0.586409 2.055079]
[0.589478 0.706501 0.569401 0.00122  0.710547 0.589894 2.030524]
[0.578692 0.694022 0.557293 0.001116 0.697871 0.578399 2.071466]
[0.568096 0.681913 0.54132  0.001063 0.685545 0.569461 2.042565]
[0.594987 0.711558 0.574135 0.001239 0.716023 0.598628 2.057906]
[0.582068 0.696418 0.562234 0.001158 0.701197 0.580564 2.055236]
[0.601192 0.721499 0.582699 0.001274 0.723087 0.600098 2.045183]
[0.607598 0.73038  0.592997 0.001343 0.730458 0.599958 2.063351]
[0.60012  0.717188 0.584525 0.00128  0.72105  0.602132 2.079005]
[0.584619 0.699811 0.571545 0.001178 0.702069 0.586919 2.051518]
[0.587124 0.704401 0.564632 0.001201 0.708558 0.584097 2.056335]
[0.571537 0.687258 0.545337 0.001091 0.690602 0.56665  2.048848]
[0.596145 0.71457  0.576879 0.001265 0.719159 0.594553 2.076283]
[0.570136 0.684145 0.545548 0.001055 0.687888 0.568983 2.049162]
[0.59119  0.706018 0.572924 0.001191 0.709331 0.59482  2.063508]
[0.602708 0.722254 0.584254 0.001302 0.726518 0.601101 2.049529]
[0.574585 0.688122 0.547889 0.001137 0.692388 0.57465  2.054712]
[0.590009 0.707137 0.569425 0.001208 0.711102 0.589748 2.059843]
[0.56911  0.682375 0.546002 0.001077 0.685802 0.566925 2.069319]
[0.593481 0.711309 0.574795 0.00123  0.714464 0.592074 2.072775]
[0.582816 0.695135 0.567909 0.001172 0.698603 0.589778 2.050995]
[0.597308 0.715391 0.575154 0.001299 0.719297 0.596751 2.069424]
[0.598167 0.714024 0.586726 0.001294 0.716001 0.603135 2.047277]
[0.612013 0.731378 0.603841 0.001384 0.733079 0.616929 2.067801]
[0.605773 0.727959 0.593982 0.00135  0.729278 0.607215 2.054398]
[0.579866 0.694618 0.561082 0.001178 0.698384 0.5832   2.051047]
[0.601085 0.719141 0.586167 0.001294 0.721914 0.602079 2.074712]
[0.58842  0.702809 0.574539 0.001179 0.705814 0.593417 2.059162]
[0.609963 0.736402 0.594577 0.00135  0.737156 0.600325 2.05377 ]
[0.614166 0.736582 0.594059 0.001447 0.739588 0.604696 2.02555 ]
[0.582939 0.697702 0.562342 0.00116  0.701235 0.585037 2.067435]
[0.596537 0.716563 0.57131  0.00129  0.722162 0.590616 2.054346]
[0.588644 0.706901 0.562255 0.001211 0.711176 0.584267 2.067958]
[0.586546 0.703017 0.562586 0.0012   0.707899 0.585158 2.046806]
[0.595835 0.714483 0.57576  0.001256 0.71794  0.596333 2.071466]
[0.608391 0.733563 0.587142 0.001351 0.734197 0.601376 2.062147]
[0.576245 0.690469 0.554488 0.001128 0.694023 0.57782  2.062251]
[0.63949  0.765238 0.622386 0.001594 0.767737 0.637725 2.059948]
[0.577816 0.691362 0.55724  0.001162 0.693455 0.580354 2.029215]
[0.592394 0.711165 0.573366 0.001233 0.713657 0.590945 2.060366]
[0.590723 0.706858 0.568123 0.001223 0.711575 0.589483 2.058063]
[0.613486 0.736748 0.590069 0.001424 0.741293 0.603791 2.053822]
[0.626133 0.75171  0.60993  0.001516 0.75399  0.621147 2.039267]
[0.595935 0.714522 0.575083 0.001243 0.717517 0.593305 2.057958]
[0.583698 0.696896 0.563982 0.001161 0.700842 0.585984 2.057277]
[0.634042 0.760649 0.61613  0.001541 0.764001 0.626715 2.067749]
[0.603649 0.722977 0.591971 0.001369 0.72411  0.6084   2.06801 ]
[0.597357 0.713621 0.580942 0.001276 0.717849 0.6004   2.046126]
[0.592949 0.709979 0.573914 0.001258 0.71362  0.592136 2.048272]
[0.612538 0.734589 0.590363 0.001349 0.737525 0.610633 2.051047]
[0.592567 0.711123 0.574001 0.001232 0.714119 0.587938 2.059791]
[0.597552 0.71524  0.584736 0.001247 0.717973 0.601192 2.060524]
[0.598819 0.718623 0.580991 0.001336 0.720922 0.598213 2.047958]
[0.617526 0.739013 0.605787 0.00142  0.742826 0.618654 2.053246]
[0.597129 0.715821 0.577939 0.001297 0.719063 0.598814 2.046806]
[0.575648 0.688784 0.553726 0.001093 0.692578 0.575391 2.049738]
[0.598612 0.715282 0.58481  0.001217 0.718252 0.604443 2.062042]
[0.610613 0.730554 0.596576 0.001361 0.733606 0.611157 2.066335]
[0.600274 0.716614 0.583296 0.001294 0.719508 0.603916 2.059895]
[0.579452 0.693056 0.563106 0.001129 0.695833 0.583976 2.067277]
[0.605199 0.727093 0.584339 0.001325 0.729641 0.601013 2.045812]
[0.601427 0.720365 0.583518 0.00132  0.724776 0.599753 2.05555 ]
[0.582497 0.693742 0.557563 0.001139 0.70068  0.587089 2.056387]
[0.617582 0.735595 0.600688 0.001398 0.740365 0.623328 2.049476]
[0.575421 0.687084 0.55488  0.001129 0.690997 0.580073 2.083508]
[0.590155 0.702697 0.577103 0.001196 0.70607  0.598785 2.043037]
[0.592472 0.709107 0.576625 0.001249 0.711905 0.596647 2.061309]
[0.608957 0.729057 0.594203 0.00133  0.731886 0.611575 2.072147]
[0.59726  0.718611 0.574791 0.001328 0.722161 0.588631 2.066754]
[0.599298 0.719885 0.571812 0.001335 0.725276 0.589708 2.057225]
[0.588308 0.708783 0.554207 0.001261 0.715394 0.578612 2.051152]
[0.599385 0.718076 0.579798 0.001272 0.721114 0.598535 2.051885]
[0.604032 0.722534 0.589264 0.001325 0.725153 0.606558 2.04801 ]
[0.587285 0.700311 0.569767 0.001201 0.703245 0.59293  2.054241]
[0.597974 0.714167 0.578291 0.001308 0.717395 0.603459 2.054346]
[0.624511 0.748382 0.603373 0.001468 0.753291 0.619039 2.055707]
[0.620956 0.74479  0.598013 0.001478 0.747843 0.616719 2.053874]
[0.584775 0.699307 0.562049 0.001209 0.703276 0.58724  2.044241]
[0.585103 0.699521 0.563778 0.001166 0.70427  0.58557  2.061518]
[0.590843 0.706956 0.572188 0.001202 0.710008 0.59039  2.034974]
[0.616831 0.739382 0.600872 0.001419 0.742694 0.612615 2.063037]
[0.599205 0.717567 0.585768 0.001267 0.719844 0.600726 2.062199]
[0.593604 0.709143 0.57707  0.001254 0.712145 0.595783 2.036283]
[0.592083 0.708427 0.571233 0.001226 0.712911 0.593059 2.072199]
[0.588362 0.705912 0.563425 0.00121  0.710476 0.583616 2.070105]
[0.60424  0.724401 0.58007  0.001325 0.727503 0.604842 2.062199]
[0.59678  0.711185 0.577376 0.001217 0.715589 0.603384 2.057539]
[0.589283 0.705788 0.572138 0.001213 0.708593 0.590854 2.053246]
[0.601301 0.720096 0.579977 0.001278 0.724312 0.602864 2.058743]
[0.577366 0.693438 0.560059 0.001139 0.694676 0.577782 2.06801 ]
[0.594893 0.712148 0.578044 0.001261 0.714334 0.597592 2.046806]
[0.578622 0.692306 0.558977 0.001167 0.696554 0.583217 2.055707]
[0.614805 0.736496 0.601739 0.0014   0.737704 0.618876 2.05712 ]
[0.617825 0.740702 0.596799 0.001503 0.744594 0.612019 2.066335]
[0.591509 0.709054 0.566677 0.00125  0.712476 0.588784 2.042723]
[0.585822 0.699913 0.565237 0.001202 0.704419 0.590467 2.046597]
[0.605263 0.726898 0.584151 0.001324 0.731695 0.597976 2.06178 ]
[0.586632 0.702099 0.565414 0.001185 0.705973 0.587332 2.030105]
[0.614098 0.733681 0.594318 0.001388 0.737108 0.614873 2.074817]
[0.583735 0.698701 0.564244 0.001153 0.702231 0.584026 2.063874]
[0.599373 0.718522 0.583376 0.001302 0.72156  0.597688 2.062827]
[0.59241  0.711632 0.570129 0.001249 0.714744 0.588798 2.055654]
[0.605201 0.723816 0.587616 0.001317 0.727045 0.604298 2.059319]
[0.597946 0.714567 0.580654 0.001237 0.718023 0.601219 2.056597]
[0.613605 0.731238 0.599782 0.001405 0.732689 0.621409 2.035393]
[0.595525 0.715526 0.579993 0.001263 0.716516 0.591678 2.063455]
[0.6135   0.732632 0.601163 0.001398 0.736045 0.614894 2.070157]
[0.607611 0.726737 0.58944  0.001361 0.730541 0.607926 2.06644 ]
[0.588125 0.704978 0.568217 0.001249 0.708571 0.582165 2.065969]
[0.593322 0.708644 0.577369 0.001206 0.712481 0.596746 2.061518]
[0.604434 0.725973 0.589674 0.001326 0.729038 0.60039  2.080733]
[0.602034 0.718444 0.5859   0.001309 0.721401 0.60844  2.055393]
[0.593022 0.708763 0.579727 0.001245 0.711334 0.596907 2.065393]
[0.596305 0.711511 0.58441  0.001218 0.713764 0.601527 2.074346]
[0.612973 0.735423 0.600901 0.001396 0.737355 0.61191  2.075916]
[0.60368  0.724993 0.584103 0.001348 0.727394 0.599468 2.064712]
[0.584228 0.696384 0.570745 0.001143 0.69873  0.593345 2.073508]
[0.619612 0.743425 0.606526 0.001463 0.745252 0.617579 2.053508]
[0.596879 0.712717 0.583019 0.001259 0.715486 0.601705 2.050471]
[0.609766 0.729711 0.597712 0.001375 0.732521 0.611288 2.041571]
[0.589256 0.7052   0.574476 0.001229 0.707412 0.592298 2.069738]
[0.586085 0.700891 0.567532 0.00124  0.703636 0.587662 2.057749]
[0.601234 0.718399 0.589401 0.001282 0.720938 0.605282 2.044869]
[0.604886 0.720694 0.59563  0.001323 0.723085 0.612745 2.04822 ]
[0.616281 0.736405 0.601517 0.001428 0.739469 0.618052 2.03555 ]
[0.597791 0.715454 0.576925 0.001335 0.719631 0.595957 2.039476]
[0.612837 0.733637 0.598375 0.001371 0.736151 0.616541 2.047487]
[0.609719 0.728409 0.600293 0.001391 0.731127 0.613791 2.037277]
[0.57172  0.680437 0.553842 0.001088 0.684856 0.581231 2.060209]
[0.580377 0.693097 0.554564 0.001159 0.698979 0.582709 2.070419]
[0.597685 0.715597 0.582937 0.001304 0.718854 0.599897 2.063351]
[0.589314 0.700876 0.576528 0.001191 0.704403 0.601648 2.063508]
[0.5707   0.682504 0.5498   0.001081 0.685863 0.573282 2.056597]
[0.604231 0.723663 0.588423 0.001318 0.727644 0.60345  2.070419]
[0.602674 0.718205 0.592709 0.001308 0.721076 0.609955 2.059424]
[0.59683  0.711604 0.581067 0.001284 0.715183 0.599163 2.06445 ]
[0.611724 0.731595 0.591762 0.001404 0.736091 0.610098 2.06288 ]
[0.59988  0.715781 0.585846 0.001288 0.718505 0.606007 2.060471]
[0.598121 0.713673 0.583553 0.001269 0.716301 0.604166 2.067749]
[0.604711 0.722636 0.591125 0.001326 0.72571  0.611489 2.077173]
[0.610955 0.732457 0.593262 0.001377 0.734276 0.613897 2.050262]
[0.601559 0.71426  0.595985 0.001331 0.715809 0.611034 2.05356 ]
[0.602723 0.721926 0.586166 0.001346 0.7231   0.60159  2.057906]
[0.59204  0.709027 0.575914 0.001262 0.711812 0.593421 2.045497]
[0.588533 0.703017 0.569574 0.001213 0.706162 0.591236 2.066021]
[0.600308 0.715287 0.585576 0.001234 0.717707 0.606991 2.049372]
[0.604689 0.721544 0.58855  0.001315 0.725085 0.609226 2.061466]
[0.606789 0.724937 0.586883 0.001359 0.728915 0.609536 2.067225]
[0.595421 0.711936 0.57685  0.001232 0.715898 0.598532 2.038743]
[0.597147 0.714817 0.574743 0.001278 0.717759 0.600141 2.074607]
[0.609441 0.730215 0.584414 0.001452 0.734423 0.607012 2.070995]
[0.600165 0.714309 0.586631 0.001318 0.71786  0.60829  2.041309]
[0.598259 0.714407 0.576687 0.001345 0.719501 0.597555 2.031099]
[0.585604 0.699527 0.57175  0.001182 0.702481 0.589848 2.068901]
[0.620882 0.744209 0.60442  0.001498 0.747123 0.615704 2.049529]
[0.603559 0.722527 0.586239 0.001326 0.726517 0.60136  2.062827]
[0.601121 0.718122 0.583309 0.001286 0.720706 0.604915 2.066649]
[0.601537 0.718338 0.586072 0.001345 0.722582 0.607449 2.047173]
[0.597294 0.713176 0.582235 0.001264 0.716245 0.605733 2.043141]
[0.630195 0.753559 0.614829 0.001535 0.756041 0.630424 2.036702]
[0.57431  0.683035 0.554928 0.001098 0.687251 0.582433 2.055288]
[0.615229 0.734421 0.602104 0.00138  0.737429 0.62141  2.059162]
[0.588281 0.700201 0.573218 0.001193 0.703931 0.598711 2.065079]
[0.596067 0.711637 0.58228  0.001313 0.714243 0.601312 2.054398]
[0.59887  0.715549 0.590447 0.001264 0.717681 0.603444 2.071466]
[0.600894 0.718476 0.584833 0.001333 0.722093 0.602593 2.06534 ]
[0.607598 0.727379 0.594998 0.001366 0.73006  0.610297 2.049895]
[0.610532 0.7282   0.601084 0.001387 0.72995  0.617808 2.062042]
[0.597773 0.716246 0.582026 0.001283 0.716224 0.600504 2.055759]
[0.576977 0.688324 0.55619  0.001156 0.692402 0.582824 2.064293]
[0.578012 0.687649 0.563234 0.001141 0.691119 0.588168 2.03911 ]
[0.616121 0.739215 0.607249 0.001408 0.741097 0.612683 2.053822]
[0.605055 0.723564 0.590814 0.001361 0.726801 0.605513 2.058901]
[0.580534 0.692403 0.558972 0.001126 0.69678  0.586845 2.062775]
[0.603481 0.720848 0.580102 0.001343 0.726832 0.598551 2.047539]
[0.635153 0.759674 0.618406 0.001565 0.763159 0.633846 2.059529]
[0.598845 0.714196 0.584541 0.0013   0.717218 0.602136 2.049791]
[0.568926 0.675733 0.555614 0.001042 0.67993  0.583203 2.031937]
[0.575385 0.683022 0.558942 0.001083 0.687979 0.588791 2.083037]
[0.592791 0.704872 0.579899 0.001228 0.707587 0.602997 2.049476]
[0.563154 0.671558 0.539967 0.001032 0.676507 0.570382 2.050419]
[0.614118 0.734865 0.599092 0.001386 0.73704  0.616852 2.059319]
[0.598295 0.718003 0.58418  0.00126  0.718428 0.601412 2.078482]
[0.592178 0.705985 0.575423 0.00125  0.709579 0.597083 2.051204]
[0.590072 0.702981 0.573351 0.001238 0.706903 0.593614 2.062042]
[0.578842 0.687069 0.568183 0.001176 0.689933 0.591327 2.055236]
[0.589458 0.704273 0.57658  0.00123  0.706126 0.593425 2.050681]
[0.591973 0.706854 0.579494 0.001198 0.708489 0.599843 2.056178]
[0.606418 0.724057 0.596027 0.00138  0.726854 0.610728 2.047696]
[0.602917 0.718921 0.589586 0.001299 0.722679 0.608366 2.085812]
[0.608579 0.727496 0.593393 0.001337 0.730067 0.60812  2.057906]
[0.585118 0.697742 0.566724 0.001197 0.701673 0.592469 2.061204]
[0.588777 0.703646 0.563317 0.001234 0.710462 0.584846 2.065654]
[0.579044 0.688491 0.568948 0.001131 0.690825 0.591637 2.069895]
[0.598607 0.711676 0.584734 0.001255 0.716161 0.607298 2.074607]
[0.602469 0.720677 0.584808 0.001334 0.724632 0.601436 2.05288 ]
[0.596742 0.714949 0.57888  0.001281 0.718435 0.593988 2.047225]
[0.567464 0.678869 0.547077 0.001089 0.682236 0.569032 2.063141]
[0.607604 0.72616  0.597237 0.001315 0.728561 0.613823 2.046283]
[0.601691 0.716168 0.595179 0.001262 0.717703 0.610712 2.051204]
[0.617203 0.736416 0.603912 0.001463 0.739559 0.617602 2.058377]
[0.58532  0.697551 0.572671 0.00121  0.700849 0.589793 2.048168]
[0.591949 0.707655 0.579007 0.001228 0.71058  0.600139 2.054921]
[0.603531 0.719907 0.593571 0.001321 0.723346 0.608422 2.06555 ]
[0.593484 0.706397 0.586855 0.001217 0.708478 0.605548 2.043822]
[0.605022 0.720782 0.594686 0.001319 0.72425  0.612239 2.057225]
[0.601505 0.717405 0.587084 0.001315 0.720617 0.604804 2.051152]
[0.608074 0.726563 0.597916 0.001348 0.728488 0.611313 2.052408]
[0.604146 0.719807 0.596014 0.001344 0.722583 0.61242  2.050785]
[0.583487 0.695767 0.561956 0.001197 0.701233 0.586693 2.064031]
[0.587549 0.702752 0.568563 0.001211 0.70665  0.588514 2.068796]
[0.616787 0.737234 0.603242 0.001454 0.740431 0.615585 2.067173]
[0.60445  0.722938 0.59177  0.001342 0.72521  0.607817 2.065812]
[0.615254 0.736097 0.606556 0.001466 0.737624 0.616197 2.033508]
[0.585245 0.695636 0.56831  0.001204 0.700897 0.592647 2.059372]
[0.608919 0.728082 0.600772 0.001344 0.730476 0.613877 2.061152]
[0.596951 0.714102 0.57572  0.001313 0.71881  0.596481 2.047487]
[0.622878 0.741873 0.610905 0.001482 0.745397 0.626347 2.045916]
[0.60518  0.723984 0.589999 0.001376 0.727475 0.605498 2.037749]
[0.574971 0.685649 0.554519 0.001148 0.68896  0.581016 2.040681]
[0.579583 0.690539 0.562712 0.001173 0.695647 0.586714 2.059895]
[0.590608 0.7044   0.57106  0.001209 0.707791 0.597463 2.07534 ]
[0.607051 0.721197 0.597226 0.001321 0.724064 0.616526 2.062042]
[0.594182 0.70866  0.579123 0.001227 0.711274 0.601729 2.084136]
[0.605427 0.708199 0.596645 0.001256 0.709816 0.631054 2.062565]
[0.611706 0.706982 0.605422 0.001298 0.707903 0.644796 2.077906]
[0.604939 0.696874 0.60567  0.001279 0.697554 0.640389 2.061885]
[0.641434 0.742965 0.640134 0.001548 0.742771 0.67389  2.054031]
[0.623782 0.720848 0.624192 0.00142  0.721117 0.65657  2.066545]
[0.621547 0.715531 0.628802 0.001394 0.71511  0.658494 2.038534]
[0.639633 0.737066 0.649495 0.001559 0.736469 0.675984 2.078534]
[0.627525 0.722819 0.633542 0.001448 0.722724 0.662565 2.073455]
[0.620432 0.713367 0.63028  0.001405 0.713261 0.656054 2.044555]
[0.609013 0.700521 0.616298 0.001309 0.700342 0.644508 2.051885]
[0.614078 0.706277 0.62159  0.001363 0.706108 0.650571 2.061257]
[0.631199 0.724945 0.642477 0.001461 0.724005 0.669609 2.056073]
[0.61957  0.712619 0.63091  0.001412 0.712092 0.654091 2.054136]
[0.632423 0.727058 0.642381 0.001476 0.726509 0.669762 2.06288 ]
[0.593272 0.681462 0.597489 0.001202 0.681723 0.627138 2.056335]
[0.63381  0.728953 0.644398 0.001505 0.727825 0.671043 2.065707]
[0.630362 0.72309  0.643498 0.001503 0.722485 0.667739 2.028691]
[0.630943 0.725382 0.643341 0.001538 0.724329 0.668276 2.061204]
[0.606807 0.696603 0.616156 0.001299 0.695859 0.644811 2.06445 ]
[0.62535  0.720141 0.634578 0.0015   0.719364 0.659972 2.054188]
[0.628435 0.721092 0.642196 0.001476 0.720291 0.667149 2.036126]
[0.640561 0.735857 0.654298 0.001577 0.735378 0.6763   2.043455]
[0.623792 0.714883 0.638767 0.001439 0.71398  0.663234 2.058429]
[0.641342 0.738971 0.655261 0.001592 0.737336 0.676845 2.079267]
[0.628343 0.720345 0.641744 0.001471 0.720262 0.665674 2.043717]
[0.622952 0.715919 0.635792 0.001497 0.714379 0.658703 2.062827]
[0.622296 0.712795 0.638347 0.001426 0.711918 0.661587 2.055393]
[0.63486  0.727984 0.651657 0.001522 0.727152 0.673198 2.078429]
[0.629951 0.720856 0.647867 0.001482 0.719682 0.669544 2.075079]
[0.645647 0.740777 0.661885 0.001606 0.739515 0.685996 2.089634]
[0.636531 0.72884  0.656226 0.001537 0.727699 0.677752 2.070576]
[0.64563  0.739276 0.665517 0.001575 0.738016 0.686374 2.070366]
[0.649257 0.742965 0.669399 0.001637 0.741737 0.690203 2.068429]
[0.617316 0.707077 0.631146 0.001398 0.706    0.65511  2.055969]
[0.627373 0.719293 0.641647 0.001456 0.718788 0.665517 2.06377 ]
[0.625706 0.718424 0.642159 0.001509 0.717374 0.663023 2.056754]
[0.641344 0.737002 0.658293 0.001608 0.735625 0.679312 2.069738]
[0.631596 0.725441 0.648245 0.001523 0.72401  0.66833  2.064398]
[0.622915 0.713147 0.638343 0.001428 0.711992 0.662436 2.060942]
[0.641284 0.734548 0.660473 0.001535 0.733273 0.679887 2.050995]
[0.625172 0.71454  0.645667 0.001461 0.713651 0.664518 2.050628]
[0.640964 0.734391 0.660625 0.001589 0.73321  0.679174 2.051414]
[0.626198 0.71662  0.645408 0.001463 0.715129 0.666206 2.037539]
[0.628536 0.72022  0.644837 0.001521 0.719462 0.667269 2.035079]
[0.622007 0.711566 0.638817 0.001428 0.710296 0.660934 2.057435]
[0.622619 0.711891 0.641574 0.001415 0.711194 0.662549 2.070314]
[0.633006 0.724452 0.652598 0.001492 0.723226 0.67225  2.066545]
[0.631208 0.723688 0.647949 0.001497 0.722482 0.669366 2.049581]
[0.6219   0.711374 0.639823 0.001423 0.71062  0.662343 2.051047]
[0.592202 0.676889 0.604278 0.00122  0.676679 0.628847 2.054241]
[0.627469 0.719066 0.643882 0.001481 0.718353 0.665295 2.057382]
[0.626545 0.71636  0.647561 0.001484 0.715481 0.666577 2.046702]
[0.59706  0.681698 0.61248  0.001253 0.681189 0.63627  2.05534 ]
[0.667679 0.767648 0.689085 0.001812 0.766405 0.705257 2.063874]
[0.623628 0.7127   0.641815 0.001457 0.712014 0.664571 2.049895]
[0.636386 0.728562 0.656908 0.00154  0.727422 0.675129 2.05733 ]
[0.639297 0.73027  0.661524 0.001571 0.728857 0.681069 2.033403]
[0.636648 0.729233 0.654365 0.001542 0.728245 0.67593  2.081623]
[0.645288 0.739053 0.667797 0.001626 0.737106 0.684638 2.05288 ]
[0.62989  0.722019 0.648286 0.001501 0.720607 0.667021 2.063351]
[0.640872 0.733832 0.660383 0.001595 0.732839 0.679117 2.077539]
[0.608669 0.695902 0.626072 0.001359 0.694656 0.648778 2.062251]
[0.635953 0.729914 0.654902 0.001597 0.728684 0.673804 2.05555 ]
[0.623685 0.711808 0.643587 0.001439 0.71139  0.665288 2.051728]
[0.62879  0.718988 0.647068 0.001503 0.718025 0.668776 2.052356]
[0.623148 0.711558 0.645744 0.001436 0.710409 0.662169 2.076492]
[0.651038 0.746987 0.672315 0.001703 0.745081 0.689889 2.045602]
[0.646925 0.742009 0.665676 0.001645 0.740482 0.685521 2.067749]
[0.6348   0.725676 0.657795 0.001536 0.723981 0.675694 2.052461]
[0.644309 0.735182 0.667901 0.001582 0.734003 0.686016 2.070628]
[0.639887 0.732078 0.6617   0.001603 0.73094  0.67929  2.066335]
[0.633067 0.723063 0.653668 0.001513 0.722081 0.675003 2.048639]
[0.621017 0.708458 0.64122  0.001427 0.707406 0.66177  2.033613]
[0.634996 0.728222 0.653982 0.001571 0.727147 0.671896 2.05178 ]
[0.64943  0.745294 0.671551 0.001709 0.744455 0.686601 2.047644]
[0.628015 0.717612 0.648725 0.001513 0.716274 0.668624 2.069267]
[0.650434 0.744624 0.673656 0.001692 0.742706 0.691086 2.043665]
[0.61823  0.706903 0.638084 0.001449 0.705699 0.656771 2.044346]
[0.649543 0.743401 0.673516 0.001667 0.74198  0.687421 2.041832]
[0.635949 0.727459 0.656924 0.001584 0.725815 0.676729 2.059686]
[0.643113 0.734027 0.668452 0.001581 0.732813 0.684634 2.048168]
[0.631785 0.721854 0.653937 0.001539 0.720774 0.671407 2.047225]
[0.63271  0.723263 0.653256 0.001551 0.722581 0.672517 2.051728]
[0.644891 0.735949 0.668247 0.001585 0.734852 0.68677  2.070628]
[0.618907 0.706273 0.639018 0.00142  0.704799 0.65985  2.050681]
[0.629722 0.718755 0.652167 0.00152  0.717268 0.670853 2.071257]
[0.651326 0.744938 0.674852 0.001669 0.743377 0.691138 2.047958]
[0.634222 0.72677  0.656335 0.001553 0.725325 0.671156 2.057958]
[0.626918 0.717132 0.64764  0.001442 0.716214 0.666734 2.068586]
[0.633329 0.723035 0.656006 0.001532 0.721598 0.674842 2.042827]
[0.621075 0.708386 0.641544 0.001443 0.707436 0.662651 2.067016]
[0.609884 0.696661 0.629381 0.001363 0.695793 0.648735 2.06199 ]
[0.627168 0.718143 0.647281 0.001519 0.716807 0.665272 2.062147]
[0.654116 0.749632 0.678721 0.00173  0.748095 0.693048 2.054398]
[0.61942  0.7068   0.63839  0.001397 0.706077 0.660521 2.062304]
[0.646582 0.738017 0.672527 0.001652 0.736864 0.686827 2.057487]
[0.638328 0.727047 0.663296 0.001526 0.726176 0.680821 2.034293]
[0.655642 0.749188 0.68186  0.0017   0.74826  0.697981 2.066754]
[0.641088 0.732699 0.664831 0.001638 0.731713 0.681764 2.063927]
[0.638647 0.727251 0.662378 0.001542 0.726394 0.679149 2.064503]
[0.594703 0.678393 0.611555 0.001256 0.6779   0.633489 2.072513]
[0.618959 0.705029 0.641668 0.001403 0.704272 0.66044  2.068848]
[0.616325 0.705203 0.63499  0.001471 0.704209 0.654903 2.061571]
[0.642644 0.73528  0.66785  0.001641 0.733666 0.681885 2.039843]
[0.639181 0.728791 0.663301 0.001609 0.727453 0.681541 2.032461]
[0.637028 0.729433 0.660181 0.001592 0.728176 0.676155 2.089581]
[0.618091 0.705202 0.641025 0.001426 0.70413  0.657896 2.070209]
[0.642593 0.734715 0.666752 0.001624 0.733318 0.681831 2.04267 ]
[0.63561  0.723111 0.659395 0.001496 0.722434 0.678298 2.050157]
[0.633066 0.724497 0.657691 0.001566 0.723167 0.671674 2.068691]
[0.618768 0.705718 0.640839 0.001434 0.704463 0.659501 2.06267 ]
[0.603001 0.689092 0.621466 0.00135  0.688071 0.641041 2.033665]
[0.642009 0.731816 0.666606 0.00159  0.730792 0.685433 2.05089 ]
[0.63627  0.72404  0.661174 0.001503 0.723599 0.680206 2.053403]
[0.632031 0.72323  0.654875 0.001562 0.721681 0.670929 2.043874]
[0.634764 0.723554 0.658018 0.001539 0.722746 0.67805  2.05    ]
[0.622308 0.707734 0.646855 0.001438 0.706568 0.66535  2.054921]
[0.631056 0.720943 0.651055 0.001515 0.719612 0.670706 2.063508]
[0.621997 0.710367 0.644327 0.001489 0.709079 0.661283 2.06089 ]
[0.608368 0.694134 0.628292 0.001358 0.69337  0.648732 2.053927]
[0.614927 0.699989 0.636937 0.001373 0.699059 0.655119 2.068325]
[0.600323 0.68294  0.62137  0.001277 0.682441 0.640517 2.053037]
[0.620444 0.708673 0.643907 0.001426 0.707239 0.660302 2.062408]
[0.587465 0.669494 0.604657 0.00121  0.669208 0.627472 2.04822 ]
[0.61475  0.701228 0.637231 0.00141  0.700496 0.654007 2.068325]
[0.642823 0.733554 0.66815  0.001593 0.732054 0.684943 2.060366]
[0.641738 0.731543 0.665947 0.001598 0.730446 0.683712 2.058115]
[0.647048 0.739099 0.670604 0.00166  0.737326 0.685132 2.064084]
[0.647099 0.737456 0.671772 0.001653 0.736318 0.68896  2.060052]
[0.634737 0.722679 0.658017 0.001566 0.721664 0.675138 2.040419]
[0.641154 0.729043 0.666819 0.001606 0.727725 0.683346 2.045183]
[0.637663 0.726313 0.661468 0.001565 0.724992 0.678968 2.057173]
[0.653277 0.746563 0.677706 0.001749 0.744914 0.691818 2.046545]
[0.651273 0.742748 0.675965 0.001678 0.741174 0.692306 2.047277]
[0.630124 0.715308 0.653745 0.001504 0.71441  0.672822 2.054084]
[0.649637 0.73985  0.674532 0.001627 0.738664 0.691958 2.081832]
[0.634265 0.721495 0.6598   0.001538 0.720672 0.675985 2.039529]
[0.633732 0.721431 0.657048 0.001532 0.719945 0.672847 2.049895]
[0.659394 0.752579 0.684315 0.001766 0.751126 0.699674 2.07555 ]
[0.634083 0.722772 0.655768 0.001572 0.721613 0.674965 2.056126]
[0.630304 0.717262 0.653293 0.001551 0.716393 0.66997  2.03377 ]
[0.632076 0.720721 0.655296 0.001525 0.719918 0.672951 2.063822]
[0.637789 0.726476 0.661152 0.001596 0.725486 0.677769 2.054293]
[0.618937 0.704004 0.641041 0.001387 0.702654 0.660564 2.074398]
[0.634573 0.72225  0.659203 0.001562 0.721072 0.675044 2.048848]
[0.636008 0.721874 0.66064  0.001505 0.721025 0.679169 2.056073]
[0.636562 0.724255 0.661556 0.001571 0.7229   0.679072 2.059791]
[0.64997  0.739796 0.677118 0.001662 0.738514 0.692062 2.076335]
[0.6477   0.739324 0.671445 0.001715 0.738511 0.686137 2.057749]
[0.619273 0.703083 0.64081  0.001372 0.702252 0.659244 2.073822]
[0.630855 0.715399 0.656975 0.001513 0.714569 0.673574 2.05178 ]
[0.652479 0.741638 0.680044 0.001689 0.740764 0.695289 2.066859]
[0.647956 0.736086 0.674804 0.001637 0.734701 0.689599 2.059686]
[0.615051 0.697674 0.638928 0.001383 0.696641 0.65767  2.052618]
[0.628928 0.71609  0.651208 0.001477 0.715015 0.66954  2.062147]
[0.65774  0.748653 0.686529 0.001712 0.747514 0.698458 2.063979]
[0.64221  0.731234 0.66721  0.001642 0.73004  0.684549 2.065183]
[0.644735 0.734514 0.669922 0.001625 0.733091 0.685402 2.048848]
[0.626812 0.712658 0.648383 0.001453 0.711708 0.667941 2.058063]
[0.642627 0.732662 0.666485 0.00164  0.73091  0.683298 2.053037]
[0.639969 0.728255 0.664251 0.001614 0.726574 0.681072 2.037801]
[0.631628 0.718496 0.654863 0.001501 0.717604 0.672946 2.079791]
[0.614872 0.69792  0.636333 0.001381 0.696844 0.655989 2.063089]
[0.625116 0.711151 0.648242 0.001476 0.710316 0.664974 2.04466 ]
[0.656189 0.748268 0.683038 0.001673 0.746936 0.696182 2.058168]
[0.640027 0.729182 0.664163 0.001567 0.727677 0.682705 2.060785]
[0.64536  0.733588 0.670465 0.001611 0.732252 0.68937  2.07089 ]
[0.624641 0.709633 0.648458 0.001441 0.708284 0.666941 2.072304]
[0.647667 0.734811 0.67637  0.00159  0.733433 0.691291 2.067749]
[0.636574 0.724811 0.660304 0.001542 0.724086 0.67809  2.046859]
[0.651083 0.741536 0.677482 0.0017   0.740064 0.693145 2.039267]
[0.637697 0.724068 0.663199 0.001494 0.722893 0.679466 2.07178 ]
[0.627705 0.714551 0.65014  0.001477 0.713329 0.6697   2.055131]
[0.647214 0.736134 0.67219  0.001621 0.735306 0.689108 2.055707]
[0.640308 0.729472 0.66518  0.00162  0.728373 0.68007  2.072251]
[0.638174 0.725757 0.663167 0.001601 0.724746 0.679792 2.045969]
[0.609664 0.693682 0.631999 0.001397 0.692996 0.650283 2.057958]
[0.624949 0.710756 0.648226 0.001453 0.709512 0.665548 2.049686]
[0.623922 0.707728 0.64975  0.001435 0.706605 0.666216 2.059791]
[0.629171 0.715002 0.651636 0.001468 0.713858 0.670866 2.04911 ]
[0.623792 0.708462 0.64976  0.001461 0.707282 0.665477 2.049372]
[0.632149 0.717324 0.658735 0.001477 0.716583 0.674048 2.062042]
[0.61083  0.693128 0.633497 0.001355 0.692567 0.651825 2.027592]
[0.633107 0.719201 0.657222 0.001515 0.718242 0.676278 2.030209]
[0.628373 0.713659 0.653902 0.001464 0.71257  0.670395 2.055916]
[0.631061 0.716455 0.656817 0.001493 0.715023 0.672894 2.04288 ]
[0.623468 0.70905  0.646346 0.001454 0.707959 0.664577 2.059686]
[0.616906 0.700359 0.640046 0.001391 0.699287 0.658146 2.065079]
[0.635838 0.724955 0.659328 0.001598 0.723957 0.675912 2.05356 ]
[0.633122 0.718378 0.661013 0.00151  0.717434 0.675559 2.049738]
[0.630405 0.716804 0.656344 0.001522 0.715119 0.672141 2.059843]
[0.642571 0.731932 0.668665 0.001646 0.730542 0.683408 2.052984]
[0.612323 0.69469  0.633743 0.001368 0.694137 0.655298 2.069215]
[0.642661 0.730481 0.669164 0.001579 0.729029 0.683014 2.042094]
[0.639831 0.727362 0.667105 0.001591 0.726352 0.680617 2.047382]
[0.647153 0.735595 0.674376 0.001666 0.734597 0.688169 2.050681]
[0.646223 0.733578 0.673505 0.00163  0.732225 0.688341 2.055707]
[0.644258 0.732901 0.669497 0.001616 0.731916 0.685888 2.040628]
[0.607811 0.692255 0.628861 0.00138  0.691393 0.645102 2.070995]
[0.620345 0.706139 0.641084 0.001418 0.705219 0.659563 2.075393]
[0.620307 0.705236 0.64215  0.00147  0.704561 0.662079 2.054869]
[0.652522 0.74204  0.680847 0.001654 0.740569 0.693757 2.057068]
[0.674625 0.769585 0.703587 0.001899 0.767542 0.714996 2.063717]
[0.628226 0.714647 0.654133 0.001513 0.713432 0.668096 2.044921]
[0.641185 0.727192 0.668612 0.001586 0.726298 0.687212 2.051728]
[0.602937 0.684542 0.625093 0.0013   0.684168 0.643407 2.057906]
[0.612544 0.69666  0.634086 0.001387 0.695703 0.652407 2.061466]
[0.62759  0.714898 0.650185 0.001521 0.713583 0.668847 2.053194]
[0.631779 0.719284 0.654578 0.001507 0.718227 0.672427 2.04534 ]
[0.640016 0.725324 0.667435 0.001599 0.724368 0.684558 2.055864]
[0.634143 0.719482 0.660788 0.001535 0.718405 0.676879 2.054817]
[0.650279 0.740592 0.678244 0.001711 0.739065 0.692126 2.047696]
[0.622431 0.709747 0.644744 0.001468 0.708297 0.662682 2.090628]
[0.621069 0.705704 0.645365 0.001453 0.704471 0.662126 2.061832]
[0.647885 0.734937 0.676296 0.0016   0.733956 0.691259 2.081152]
[0.642503 0.731989 0.667773 0.001616 0.730642 0.683119 2.066597]
[0.624632 0.708974 0.649396 0.001471 0.707757 0.666809 2.063298]
[0.643813 0.732136 0.670086 0.001628 0.730979 0.684788 2.059372]
[0.640371 0.728074 0.666895 0.001631 0.726854 0.682227 2.04911 ]
[0.619009 0.701695 0.645155 0.001413 0.701183 0.662673 2.073665]
[0.635455 0.721891 0.662116 0.001551 0.720789 0.677253 2.051518]
[0.634532 0.720801 0.660091 0.001568 0.719966 0.676956 2.056178]
[0.649872 0.738922 0.676549 0.001647 0.737189 0.69149  2.06199 ]
[0.6058   0.686273 0.629042 0.001325 0.685898 0.648518 2.04445 ]
[0.64541  0.731899 0.673331 0.001598 0.730758 0.68869  2.062356]
[0.62036  0.7053   0.642323 0.001423 0.704057 0.659727 2.073246]
[0.642787 0.731787 0.66798  0.001678 0.730718 0.684495 2.053508]
[0.626479 0.714213 0.649271 0.001509 0.712835 0.66576  2.063298]
[0.65063  0.742698 0.677212 0.001665 0.741299 0.690537 2.082513]
[0.63558  0.723715 0.659007 0.001561 0.722302 0.677111 2.055759]
[0.630677 0.717314 0.655989 0.001528 0.716237 0.670377 2.047382]
[0.62117  0.705783 0.644835 0.001412 0.705056 0.661869 2.070419]
[0.629668 0.71526  0.654764 0.001537 0.714    0.671693 2.05534 ]
[0.620228 0.704064 0.646395 0.001432 0.703341 0.661641 2.057906]
[0.637468 0.726001 0.66203  0.001587 0.724461 0.678407 2.063613]
[0.63634  0.724243 0.663926 0.001572 0.723003 0.67734  2.075393]
[0.660889 0.75276  0.687872 0.001748 0.751274 0.701806 2.063979]
[0.627414 0.712369 0.652931 0.001449 0.711431 0.670734 2.059372]
[0.64857  0.737353 0.674827 0.001647 0.736422 0.69082  2.072723]
[0.658052 0.749267 0.683637 0.001707 0.748046 0.700886 2.057225]
[0.62218  0.706573 0.646723 0.001419 0.70502  0.664946 2.045864]
[0.657896 0.752966 0.682459 0.001782 0.750695 0.694425 2.058115]
[0.626854 0.710835 0.651628 0.001466 0.709449 0.670004 2.05288 ]
[0.636663 0.724072 0.661864 0.001561 0.722967 0.6774   2.048953]
[0.643911 0.732286 0.671203 0.00167  0.73138  0.686522 2.076126]
[0.620218 0.705292 0.643744 0.001462 0.704309 0.659901 2.049843]
[0.626605 0.711733 0.650199 0.00149  0.710918 0.668634 2.067958]
[0.644346 0.735187 0.668963 0.0017   0.734138 0.684668 2.044764]
[0.62794  0.71406  0.65243  0.001522 0.713143 0.668715 2.046021]
[0.636309 0.72388  0.66306  0.001582 0.722197 0.677481 2.054503]
[0.639426 0.728723 0.664841 0.001612 0.727055 0.680154 2.055707]
[0.607014 0.691398 0.629074 0.001385 0.690128 0.647253 2.063979]
